2021-07-23 13:33:31.314 [background-preinit] INFO  org.hibernate.validator.internal.util.Version - HV000001: Hibernate Validator 6.0.13.Final
2021-07-23 13:33:31.428 [restartedMain] INFO  com.htinf.sm.ServiceManageApplication - Starting ServiceManageApplication using Java 1.8.0_261 on abc-PC with PID 13900 (F:\Program Files\sourcecode\ivms6.0\service_manage\target\classes started by abc in F:\Program Files\sourcecode\ivms6.0\service_manage)
2021-07-23 13:33:31.428 [restartedMain] INFO  com.htinf.sm.ServiceManageApplication - No active profile set, falling back to default profiles: default
2021-07-23 13:33:31.539 [restartedMain] INFO  o.s.b.d.env.DevToolsPropertyDefaultsPostProcessor - Devtools property defaults active! Set 'spring.devtools.add-properties' to 'false' to disable
2021-07-23 13:33:31.540 [restartedMain] INFO  o.s.b.d.env.DevToolsPropertyDefaultsPostProcessor - For additional web related logging consider setting the 'logging.level.web' property to 'DEBUG'
2021-07-23 13:33:33.502 [restartedMain] INFO  o.s.d.r.config.RepositoryConfigurationDelegate - Multiple Spring Data modules found, entering strict repository configuration mode!
2021-07-23 13:33:33.505 [restartedMain] INFO  o.s.d.r.config.RepositoryConfigurationDelegate - Bootstrapping Spring Data Redis repositories in DEFAULT mode.
2021-07-23 13:33:33.543 [restartedMain] INFO  o.s.d.r.config.RepositoryConfigurationDelegate - Finished Spring Data repository scanning in 15 ms. Found 0 Redis repository interfaces.
2021-07-23 13:33:35.034 [restartedMain] INFO  o.s.boot.web.embedded.tomcat.TomcatWebServer - Tomcat initialized with port(s): 8081 (http)
2021-07-23 13:33:35.048 [restartedMain] INFO  org.apache.coyote.http11.Http11NioProtocol - Initializing ProtocolHandler ["http-nio-8081"]
2021-07-23 13:33:35.048 [restartedMain] INFO  org.apache.catalina.core.StandardService - Starting service [Tomcat]
2021-07-23 13:33:35.049 [restartedMain] INFO  org.apache.catalina.core.StandardEngine - Starting Servlet engine: [Apache Tomcat/9.0.48]
2021-07-23 13:33:35.158 [restartedMain] INFO  o.a.c.c.C.[Tomcat].[localhost].[/serviceManage] - Initializing Spring embedded WebApplicationContext
2021-07-23 13:33:35.159 [restartedMain] INFO  o.s.b.w.s.c.ServletWebServerApplicationContext - Root WebApplicationContext: initialization completed in 3619 ms
2021-07-23 13:33:35.198 [restartedMain] INFO  org.apache.catalina.core.StandardContext - Suspicious URL pattern: [*.min.js] in context [/serviceManage], see sections 12.1 and 12.2 of the Servlet specification
2021-07-23 13:33:35.199 [restartedMain] INFO  o.s.boot.web.servlet.RegistrationBean - Servlet dispatcherServlet was not registered (possibly already registered?)
2021-07-23 13:33:36.375 [restartedMain] INFO  o.s.b.a.web.servlet.WelcomePageHandlerMapping - Adding welcome page: class path resource [static/index.html]
2021-07-23 13:33:37.465 [restartedMain] INFO  o.s.b.d.autoconfigure.OptionalLiveReloadServer - LiveReload server is running on port 35729
2021-07-23 13:33:37.502 [restartedMain] INFO  org.apache.coyote.http11.Http11NioProtocol - Starting ProtocolHandler ["http-nio-8081"]
2021-07-23 13:33:37.527 [restartedMain] INFO  o.s.boot.web.embedded.tomcat.TomcatWebServer - Tomcat started on port(s): 8081 (http) with context path '/serviceManage'
2021-07-23 13:33:37.539 [restartedMain] INFO  com.htinf.sm.ServiceManageApplication - Started ServiceManageApplication in 7.069 seconds (JVM running for 10.075)
2021-07-23 13:33:46.244 [http-nio-8081-exec-1] INFO  o.a.c.c.C.[Tomcat].[localhost].[/serviceManage] - Initializing Spring DispatcherServlet 'dispatcherServlet'
2021-07-23 13:33:46.244 [http-nio-8081-exec-1] INFO  org.springframework.web.servlet.DispatcherServlet - Initializing Servlet 'dispatcherServlet'
2021-07-23 13:33:46.245 [http-nio-8081-exec-1] INFO  org.springframework.web.servlet.DispatcherServlet - Completed initialization in 1 ms
2021-07-23 13:33:46.712 [http-nio-8081-exec-4] INFO  com.zaxxer.hikari.HikariDataSource - HikariPool-1 - Starting...
2021-07-23 13:33:47.595 [http-nio-8081-exec-4] INFO  com.zaxxer.hikari.HikariDataSource - HikariPool-1 - Start completed.
2021-07-23 13:35:32.334 [background-preinit] INFO  org.hibernate.validator.internal.util.Version - HV000001: Hibernate Validator 6.0.13.Final
2021-07-23 13:35:32.352 [restartedMain] INFO  com.htinf.sm.ServiceManageApplication - Starting ServiceManageApplication using Java 1.8.0_261 on abc-PC with PID 18220 (F:\Program Files\sourcecode\ivms6.0\service_manage\target\classes started by abc in F:\Program Files\sourcecode\ivms6.0\service_manage)
2021-07-23 13:35:32.353 [restartedMain] INFO  com.htinf.sm.ServiceManageApplication - No active profile set, falling back to default profiles: default
2021-07-23 13:35:32.477 [restartedMain] INFO  o.s.b.d.env.DevToolsPropertyDefaultsPostProcessor - Devtools property defaults active! Set 'spring.devtools.add-properties' to 'false' to disable
2021-07-23 13:35:32.477 [restartedMain] INFO  o.s.b.d.env.DevToolsPropertyDefaultsPostProcessor - For additional web related logging consider setting the 'logging.level.web' property to 'DEBUG'
2021-07-23 13:35:33.441 [restartedMain] INFO  o.s.d.r.config.RepositoryConfigurationDelegate - Multiple Spring Data modules found, entering strict repository configuration mode!
2021-07-23 13:35:33.446 [restartedMain] INFO  o.s.d.r.config.RepositoryConfigurationDelegate - Bootstrapping Spring Data Redis repositories in DEFAULT mode.
2021-07-23 13:35:33.491 [restartedMain] INFO  o.s.d.r.config.RepositoryConfigurationDelegate - Finished Spring Data repository scanning in 19 ms. Found 0 Redis repository interfaces.
2021-07-23 13:35:34.901 [restartedMain] INFO  o.s.boot.web.embedded.tomcat.TomcatWebServer - Tomcat initialized with port(s): 8081 (http)
2021-07-23 13:35:34.916 [restartedMain] INFO  org.apache.coyote.http11.Http11NioProtocol - Initializing ProtocolHandler ["http-nio-8081"]
2021-07-23 13:35:34.918 [restartedMain] INFO  org.apache.catalina.core.StandardService - Starting service [Tomcat]
2021-07-23 13:35:34.918 [restartedMain] INFO  org.apache.catalina.core.StandardEngine - Starting Servlet engine: [Apache Tomcat/9.0.48]
2021-07-23 13:35:35.050 [restartedMain] INFO  o.a.c.c.C.[Tomcat].[localhost].[/serviceManage] - Initializing Spring embedded WebApplicationContext
2021-07-23 13:35:35.051 [restartedMain] INFO  o.s.b.w.s.c.ServletWebServerApplicationContext - Root WebApplicationContext: initialization completed in 2573 ms
2021-07-23 13:35:35.095 [restartedMain] INFO  org.apache.catalina.core.StandardContext - Suspicious URL pattern: [*.min.js] in context [/serviceManage], see sections 12.1 and 12.2 of the Servlet specification
2021-07-23 13:35:35.096 [restartedMain] INFO  o.s.boot.web.servlet.RegistrationBean - Servlet dispatcherServlet was not registered (possibly already registered?)
2021-07-23 13:35:35.874 [restartedMain] INFO  o.s.b.a.web.servlet.WelcomePageHandlerMapping - Adding welcome page: class path resource [static/index.html]
2021-07-23 13:35:36.578 [restartedMain] INFO  o.s.b.d.autoconfigure.OptionalLiveReloadServer - LiveReload server is running on port 35729
2021-07-23 13:35:36.608 [restartedMain] INFO  org.apache.coyote.http11.Http11NioProtocol - Starting ProtocolHandler ["http-nio-8081"]
2021-07-23 13:35:36.632 [restartedMain] INFO  o.s.boot.web.embedded.tomcat.TomcatWebServer - Tomcat started on port(s): 8081 (http) with context path '/serviceManage'
2021-07-23 13:35:36.645 [restartedMain] INFO  com.htinf.sm.ServiceManageApplication - Started ServiceManageApplication in 4.992 seconds (JVM running for 6.158)
2021-07-23 13:35:38.941 [http-nio-8081-exec-1] INFO  o.a.c.c.C.[Tomcat].[localhost].[/serviceManage] - Initializing Spring DispatcherServlet 'dispatcherServlet'
2021-07-23 13:35:38.942 [http-nio-8081-exec-1] INFO  org.springframework.web.servlet.DispatcherServlet - Initializing Servlet 'dispatcherServlet'
2021-07-23 13:35:38.943 [http-nio-8081-exec-1] INFO  org.springframework.web.servlet.DispatcherServlet - Completed initialization in 1 ms
2021-07-23 13:35:42.851 [http-nio-8081-exec-5] INFO  com.zaxxer.hikari.HikariDataSource - HikariPool-1 - Starting...
2021-07-23 13:35:43.276 [http-nio-8081-exec-5] INFO  com.zaxxer.hikari.HikariDataSource - HikariPool-1 - Start completed.
2021-07-23 14:13:23.010 [background-preinit] INFO  org.hibernate.validator.internal.util.Version - HV000001: Hibernate Validator 6.0.13.Final
2021-07-23 14:13:23.046 [restartedMain] INFO  com.htinf.sm.ServiceManageApplication - Starting ServiceManageApplication using Java 1.8.0_261 on abc-PC with PID 18368 (F:\Program Files\sourcecode\ivms6.0\service_manage\target\classes started by abc in F:\Program Files\sourcecode\ivms6.0\service_manage)
2021-07-23 14:13:23.047 [restartedMain] INFO  com.htinf.sm.ServiceManageApplication - No active profile set, falling back to default profiles: default
2021-07-23 14:13:23.156 [restartedMain] INFO  o.s.b.d.env.DevToolsPropertyDefaultsPostProcessor - Devtools property defaults active! Set 'spring.devtools.add-properties' to 'false' to disable
2021-07-23 14:13:23.157 [restartedMain] INFO  o.s.b.d.env.DevToolsPropertyDefaultsPostProcessor - For additional web related logging consider setting the 'logging.level.web' property to 'DEBUG'
2021-07-23 14:13:24.048 [restartedMain] INFO  o.s.d.r.config.RepositoryConfigurationDelegate - Multiple Spring Data modules found, entering strict repository configuration mode!
2021-07-23 14:13:24.052 [restartedMain] INFO  o.s.d.r.config.RepositoryConfigurationDelegate - Bootstrapping Spring Data Redis repositories in DEFAULT mode.
2021-07-23 14:13:24.089 [restartedMain] INFO  o.s.d.r.config.RepositoryConfigurationDelegate - Finished Spring Data repository scanning in 16 ms. Found 0 Redis repository interfaces.
2021-07-23 14:13:25.242 [restartedMain] INFO  o.s.boot.web.embedded.tomcat.TomcatWebServer - Tomcat initialized with port(s): 8081 (http)
2021-07-23 14:13:25.254 [restartedMain] INFO  org.apache.coyote.http11.Http11NioProtocol - Initializing ProtocolHandler ["http-nio-8081"]
2021-07-23 14:13:25.255 [restartedMain] INFO  org.apache.catalina.core.StandardService - Starting service [Tomcat]
2021-07-23 14:13:25.255 [restartedMain] INFO  org.apache.catalina.core.StandardEngine - Starting Servlet engine: [Apache Tomcat/9.0.48]
2021-07-23 14:13:25.377 [restartedMain] INFO  o.a.c.c.C.[Tomcat].[localhost].[/serviceManage] - Initializing Spring embedded WebApplicationContext
2021-07-23 14:13:25.377 [restartedMain] INFO  o.s.b.w.s.c.ServletWebServerApplicationContext - Root WebApplicationContext: initialization completed in 2219 ms
2021-07-23 14:13:25.417 [restartedMain] INFO  org.apache.catalina.core.StandardContext - Suspicious URL pattern: [*.min.js] in context [/serviceManage], see sections 12.1 and 12.2 of the Servlet specification
2021-07-23 14:13:25.417 [restartedMain] INFO  o.s.boot.web.servlet.RegistrationBean - Servlet dispatcherServlet was not registered (possibly already registered?)
2021-07-23 14:13:26.147 [restartedMain] INFO  o.s.b.a.web.servlet.WelcomePageHandlerMapping - Adding welcome page: class path resource [static/index.html]
2021-07-23 14:13:27.028 [restartedMain] INFO  o.s.b.d.autoconfigure.OptionalLiveReloadServer - LiveReload server is running on port 35729
2021-07-23 14:13:27.071 [restartedMain] INFO  org.apache.coyote.http11.Http11NioProtocol - Starting ProtocolHandler ["http-nio-8081"]
2021-07-23 14:13:27.091 [restartedMain] INFO  o.s.boot.web.embedded.tomcat.TomcatWebServer - Tomcat started on port(s): 8081 (http) with context path '/serviceManage'
2021-07-23 14:13:27.104 [restartedMain] INFO  com.htinf.sm.ServiceManageApplication - Started ServiceManageApplication in 4.785 seconds (JVM running for 5.514)
2021-07-23 14:13:30.215 [http-nio-8081-exec-2] INFO  o.a.c.c.C.[Tomcat].[localhost].[/serviceManage] - Initializing Spring DispatcherServlet 'dispatcherServlet'
2021-07-23 14:13:30.216 [http-nio-8081-exec-2] INFO  org.springframework.web.servlet.DispatcherServlet - Initializing Servlet 'dispatcherServlet'
2021-07-23 14:13:30.217 [http-nio-8081-exec-2] INFO  org.springframework.web.servlet.DispatcherServlet - Completed initialization in 1 ms
2021-07-23 14:13:34.224 [http-nio-8081-exec-5] INFO  com.zaxxer.hikari.HikariDataSource - HikariPool-1 - Starting...
2021-07-23 14:13:34.613 [http-nio-8081-exec-5] INFO  com.zaxxer.hikari.HikariDataSource - HikariPool-1 - Start completed.
2021-07-23 14:18:19.559 [background-preinit] INFO  org.hibernate.validator.internal.util.Version - HV000001: Hibernate Validator 6.0.13.Final
2021-07-23 14:18:19.595 [restartedMain] INFO  com.htinf.sm.ServiceManageApplication - Starting ServiceManageApplication using Java 1.8.0_261 on abc-PC with PID 5880 (F:\Program Files\sourcecode\ivms6.0\service_manage\target\classes started by abc in F:\Program Files\sourcecode\ivms6.0\service_manage)
2021-07-23 14:18:19.595 [restartedMain] INFO  com.htinf.sm.ServiceManageApplication - No active profile set, falling back to default profiles: default
2021-07-23 14:18:19.691 [restartedMain] INFO  o.s.b.d.env.DevToolsPropertyDefaultsPostProcessor - Devtools property defaults active! Set 'spring.devtools.add-properties' to 'false' to disable
2021-07-23 14:18:19.691 [restartedMain] INFO  o.s.b.d.env.DevToolsPropertyDefaultsPostProcessor - For additional web related logging consider setting the 'logging.level.web' property to 'DEBUG'
2021-07-23 14:18:20.572 [restartedMain] INFO  o.s.d.r.config.RepositoryConfigurationDelegate - Multiple Spring Data modules found, entering strict repository configuration mode!
2021-07-23 14:18:20.575 [restartedMain] INFO  o.s.d.r.config.RepositoryConfigurationDelegate - Bootstrapping Spring Data Redis repositories in DEFAULT mode.
2021-07-23 14:18:20.606 [restartedMain] INFO  o.s.d.r.config.RepositoryConfigurationDelegate - Finished Spring Data repository scanning in 14 ms. Found 0 Redis repository interfaces.
2021-07-23 14:18:21.723 [restartedMain] INFO  o.s.boot.web.embedded.tomcat.TomcatWebServer - Tomcat initialized with port(s): 8081 (http)
2021-07-23 14:18:21.735 [restartedMain] INFO  org.apache.coyote.http11.Http11NioProtocol - Initializing ProtocolHandler ["http-nio-8081"]
2021-07-23 14:18:21.737 [restartedMain] INFO  org.apache.catalina.core.StandardService - Starting service [Tomcat]
2021-07-23 14:18:21.737 [restartedMain] INFO  org.apache.catalina.core.StandardEngine - Starting Servlet engine: [Apache Tomcat/9.0.48]
2021-07-23 14:18:21.856 [restartedMain] INFO  o.a.c.c.C.[Tomcat].[localhost].[/serviceManage] - Initializing Spring embedded WebApplicationContext
2021-07-23 14:18:21.856 [restartedMain] INFO  o.s.b.w.s.c.ServletWebServerApplicationContext - Root WebApplicationContext: initialization completed in 2164 ms
2021-07-23 14:18:21.900 [restartedMain] INFO  org.apache.catalina.core.StandardContext - Suspicious URL pattern: [*.min.js] in context [/serviceManage], see sections 12.1 and 12.2 of the Servlet specification
2021-07-23 14:18:21.901 [restartedMain] INFO  o.s.boot.web.servlet.RegistrationBean - Servlet dispatcherServlet was not registered (possibly already registered?)
2021-07-23 14:18:22.607 [restartedMain] INFO  o.s.b.a.web.servlet.WelcomePageHandlerMapping - Adding welcome page: class path resource [static/index.html]
2021-07-23 14:18:23.335 [restartedMain] INFO  o.s.b.d.autoconfigure.OptionalLiveReloadServer - LiveReload server is running on port 35729
2021-07-23 14:18:23.369 [restartedMain] INFO  org.apache.coyote.http11.Http11NioProtocol - Starting ProtocolHandler ["http-nio-8081"]
2021-07-23 14:18:23.390 [restartedMain] INFO  o.s.boot.web.embedded.tomcat.TomcatWebServer - Tomcat started on port(s): 8081 (http) with context path '/serviceManage'
2021-07-23 14:18:23.403 [restartedMain] INFO  com.htinf.sm.ServiceManageApplication - Started ServiceManageApplication in 4.568 seconds (JVM running for 5.94)
2021-07-23 14:18:26.080 [http-nio-8081-exec-1] INFO  o.a.c.c.C.[Tomcat].[localhost].[/serviceManage] - Initializing Spring DispatcherServlet 'dispatcherServlet'
2021-07-23 14:18:26.080 [http-nio-8081-exec-1] INFO  org.springframework.web.servlet.DispatcherServlet - Initializing Servlet 'dispatcherServlet'
2021-07-23 14:18:26.081 [http-nio-8081-exec-1] INFO  org.springframework.web.servlet.DispatcherServlet - Completed initialization in 1 ms
2021-07-23 14:18:38.143 [http-nio-8081-exec-2] INFO  com.zaxxer.hikari.HikariDataSource - HikariPool-1 - Starting...
2021-07-23 14:18:38.564 [http-nio-8081-exec-2] INFO  com.zaxxer.hikari.HikariDataSource - HikariPool-1 - Start completed.
2021-07-23 14:25:40.239 [background-preinit] INFO  org.hibernate.validator.internal.util.Version - HV000001: Hibernate Validator 6.0.13.Final
2021-07-23 14:25:40.256 [restartedMain] INFO  com.htinf.sm.ServiceManageApplication - Starting ServiceManageApplication using Java 1.8.0_261 on abc-PC with PID 7452 (F:\Program Files\sourcecode\ivms6.0\service_manage\target\classes started by abc in F:\Program Files\sourcecode\ivms6.0\service_manage)
2021-07-23 14:25:40.256 [restartedMain] INFO  com.htinf.sm.ServiceManageApplication - No active profile set, falling back to default profiles: default
2021-07-23 14:25:40.410 [restartedMain] INFO  o.s.b.d.env.DevToolsPropertyDefaultsPostProcessor - Devtools property defaults active! Set 'spring.devtools.add-properties' to 'false' to disable
2021-07-23 14:25:40.411 [restartedMain] INFO  o.s.b.d.env.DevToolsPropertyDefaultsPostProcessor - For additional web related logging consider setting the 'logging.level.web' property to 'DEBUG'
2021-07-23 14:25:41.406 [restartedMain] INFO  o.s.d.r.config.RepositoryConfigurationDelegate - Multiple Spring Data modules found, entering strict repository configuration mode!
2021-07-23 14:25:41.409 [restartedMain] INFO  o.s.d.r.config.RepositoryConfigurationDelegate - Bootstrapping Spring Data Redis repositories in DEFAULT mode.
2021-07-23 14:25:41.441 [restartedMain] INFO  o.s.d.r.config.RepositoryConfigurationDelegate - Finished Spring Data repository scanning in 15 ms. Found 0 Redis repository interfaces.
2021-07-23 14:25:42.762 [restartedMain] INFO  o.s.boot.web.embedded.tomcat.TomcatWebServer - Tomcat initialized with port(s): 8081 (http)
2021-07-23 14:25:42.779 [restartedMain] INFO  org.apache.coyote.http11.Http11NioProtocol - Initializing ProtocolHandler ["http-nio-8081"]
2021-07-23 14:25:42.780 [restartedMain] INFO  org.apache.catalina.core.StandardService - Starting service [Tomcat]
2021-07-23 14:25:42.780 [restartedMain] INFO  org.apache.catalina.core.StandardEngine - Starting Servlet engine: [Apache Tomcat/9.0.48]
2021-07-23 14:25:42.927 [restartedMain] INFO  o.a.c.c.C.[Tomcat].[localhost].[/serviceManage] - Initializing Spring embedded WebApplicationContext
2021-07-23 14:25:42.927 [restartedMain] INFO  o.s.b.w.s.c.ServletWebServerApplicationContext - Root WebApplicationContext: initialization completed in 2516 ms
2021-07-23 14:25:42.989 [restartedMain] INFO  org.apache.catalina.core.StandardContext - Suspicious URL pattern: [*.min.js] in context [/serviceManage], see sections 12.1 and 12.2 of the Servlet specification
2021-07-23 14:25:42.990 [restartedMain] INFO  o.s.boot.web.servlet.RegistrationBean - Servlet dispatcherServlet was not registered (possibly already registered?)
2021-07-23 14:25:44.075 [restartedMain] INFO  o.s.b.a.web.servlet.WelcomePageHandlerMapping - Adding welcome page: class path resource [static/index.html]
2021-07-23 14:25:44.981 [restartedMain] INFO  o.s.b.d.autoconfigure.OptionalLiveReloadServer - LiveReload server is running on port 35729
2021-07-23 14:25:45.013 [restartedMain] INFO  org.apache.coyote.http11.Http11NioProtocol - Starting ProtocolHandler ["http-nio-8081"]
2021-07-23 14:25:45.032 [restartedMain] INFO  o.s.boot.web.embedded.tomcat.TomcatWebServer - Tomcat started on port(s): 8081 (http) with context path '/serviceManage'
2021-07-23 14:25:45.045 [restartedMain] INFO  com.htinf.sm.ServiceManageApplication - Started ServiceManageApplication in 5.561 seconds (JVM running for 6.687)
2021-07-23 14:25:49.177 [http-nio-8081-exec-1] INFO  o.a.c.c.C.[Tomcat].[localhost].[/serviceManage] - Initializing Spring DispatcherServlet 'dispatcherServlet'
2021-07-23 14:25:49.177 [http-nio-8081-exec-1] INFO  org.springframework.web.servlet.DispatcherServlet - Initializing Servlet 'dispatcherServlet'
2021-07-23 14:25:49.179 [http-nio-8081-exec-1] INFO  org.springframework.web.servlet.DispatcherServlet - Completed initialization in 1 ms
2021-07-23 14:26:02.520 [http-nio-8081-exec-1] INFO  com.zaxxer.hikari.HikariDataSource - HikariPool-1 - Starting...
2021-07-23 14:26:02.882 [http-nio-8081-exec-1] INFO  com.zaxxer.hikari.HikariDataSource - HikariPool-1 - Start completed.
