2021-07-06 10:46:19.338 [http-nio-8081-exec-3] DEBUG c.h.s.dao.ServiceTypeDao.selectAllServerType_COUNT - ==>  Preparing: SELECT count(0) FROM t_sm_service_type WHERE 1 = 1 AND uuid = ?
2021-07-06 10:46:19.374 [http-nio-8081-exec-3] DEBUG c.h.s.dao.ServiceTypeDao.selectAllServerType_COUNT - ==> Parameters: df343sdfs23(String)
2021-07-06 10:46:19.404 [http-nio-8081-exec-3] DEBUG c.h.s.dao.ServiceTypeDao.selectAllServerType_COUNT - <==      Total: 1
2021-07-06 10:46:45.788 [http-nio-8081-exec-1] DEBUG c.h.s.dao.ServiceTypeDao.selectAllServerType_COUNT - ==>  Preparing: SELECT count(0) FROM t_sm_service_type WHERE 1 = 1 AND uuid = ?
2021-07-06 10:46:45.822 [http-nio-8081-exec-1] DEBUG c.h.s.dao.ServiceTypeDao.selectAllServerType_COUNT - ==> Parameters: df343sdfs23(String)
2021-07-06 10:46:45.846 [http-nio-8081-exec-1] DEBUG c.h.s.dao.ServiceTypeDao.selectAllServerType_COUNT - <==      Total: 1
2021-07-06 10:46:50.089 [http-nio-8081-exec-3] DEBUG c.h.s.dao.ServiceTypeDao.selectAllServerType_COUNT - ==>  Preparing: SELECT count(0) FROM t_sm_service_type WHERE 1 = 1
2021-07-06 10:46:50.090 [http-nio-8081-exec-3] DEBUG c.h.s.dao.ServiceTypeDao.selectAllServerType_COUNT - ==> Parameters: 
2021-07-06 10:46:50.091 [http-nio-8081-exec-3] DEBUG c.h.s.dao.ServiceTypeDao.selectAllServerType_COUNT - <==      Total: 1
2021-07-06 10:46:50.094 [http-nio-8081-exec-3] DEBUG c.htinf.sm.dao.ServiceTypeDao.selectAllServerType - ==>  Preparing: SELECT unid, uuid, name, ifCluster, ifShow, clusterSC, create_time, update_time, status FROM t_sm_service_type WHERE 1 = 1 ORDER BY unid DESC LIMIT ?
2021-07-06 10:46:50.094 [http-nio-8081-exec-3] DEBUG c.htinf.sm.dao.ServiceTypeDao.selectAllServerType - ==> Parameters: 10(Integer)
2021-07-06 10:46:50.101 [http-nio-8081-exec-3] DEBUG c.htinf.sm.dao.ServiceTypeDao.selectAllServerType - <==      Total: 10
2021-07-06 10:48:12.147 [http-nio-8081-exec-1] DEBUG c.h.s.dao.ServiceTypeDao.selectAllServerType_COUNT - ==>  Preparing: SELECT count(0) FROM t_sm_service_type WHERE 1 = 1
2021-07-06 10:48:12.178 [http-nio-8081-exec-1] DEBUG c.h.s.dao.ServiceTypeDao.selectAllServerType_COUNT - ==> Parameters: 
2021-07-06 10:48:12.200 [http-nio-8081-exec-1] DEBUG c.h.s.dao.ServiceTypeDao.selectAllServerType_COUNT - <==      Total: 1
2021-07-06 10:48:12.207 [http-nio-8081-exec-1] DEBUG c.htinf.sm.dao.ServiceTypeDao.selectAllServerType - ==>  Preparing: SELECT unid, uuid, name, ifCluster, ifShow, clusterSC, create_time, update_time, status FROM t_sm_service_type WHERE 1 = 1 ORDER BY unid DESC LIMIT ?
2021-07-06 10:48:12.209 [http-nio-8081-exec-1] DEBUG c.htinf.sm.dao.ServiceTypeDao.selectAllServerType - ==> Parameters: 10(Integer)
2021-07-06 10:48:12.215 [http-nio-8081-exec-1] DEBUG c.htinf.sm.dao.ServiceTypeDao.selectAllServerType - <==      Total: 10
2021-07-06 10:50:43.001 [http-nio-8081-exec-1] DEBUG c.h.s.dao.ServiceTypeDao.selectAllServerType_COUNT - ==>  Preparing: SELECT count(0) FROM t_sm_service_type WHERE 1 = 1
2021-07-06 10:50:43.033 [http-nio-8081-exec-1] DEBUG c.h.s.dao.ServiceTypeDao.selectAllServerType_COUNT - ==> Parameters: 
2021-07-06 10:50:43.060 [http-nio-8081-exec-1] DEBUG c.h.s.dao.ServiceTypeDao.selectAllServerType_COUNT - <==      Total: 1
2021-07-06 10:50:43.068 [http-nio-8081-exec-1] DEBUG c.htinf.sm.dao.ServiceTypeDao.selectAllServerType - ==>  Preparing: SELECT unid, uuid, name, ifCluster, ifShow, clusterSC, create_time, update_time, status FROM t_sm_service_type WHERE 1 = 1 ORDER BY unid DESC LIMIT ?
2021-07-06 10:50:43.069 [http-nio-8081-exec-1] DEBUG c.htinf.sm.dao.ServiceTypeDao.selectAllServerType - ==> Parameters: 10(Integer)
2021-07-06 10:50:43.078 [http-nio-8081-exec-1] DEBUG c.htinf.sm.dao.ServiceTypeDao.selectAllServerType - <==      Total: 10
2021-07-06 10:52:01.446 [http-nio-8081-exec-3] DEBUG c.h.s.dao.ServiceTypeDao.selectAllServerType_COUNT - ==>  Preparing: SELECT count(0) FROM t_sm_service_type WHERE 1 = 1
2021-07-06 10:52:01.449 [http-nio-8081-exec-3] DEBUG c.h.s.dao.ServiceTypeDao.selectAllServerType_COUNT - ==> Parameters: 
2021-07-06 10:52:01.455 [http-nio-8081-exec-3] DEBUG c.h.s.dao.ServiceTypeDao.selectAllServerType_COUNT - <==      Total: 1
2021-07-06 10:52:01.484 [http-nio-8081-exec-3] DEBUG c.htinf.sm.dao.ServiceTypeDao.selectAllServerType - ==>  Preparing: SELECT unid, uuid, name, ifCluster, ifShow, clusterSC, create_time, update_time, status FROM t_sm_service_type WHERE 1 = 1 ORDER BY unid DESC LIMIT ?
2021-07-06 10:52:01.487 [http-nio-8081-exec-3] DEBUG c.htinf.sm.dao.ServiceTypeDao.selectAllServerType - ==> Parameters: 10(Integer)
2021-07-06 10:52:01.540 [http-nio-8081-exec-3] DEBUG c.htinf.sm.dao.ServiceTypeDao.selectAllServerType - <==      Total: 10
2021-07-06 10:52:52.013 [http-nio-8081-exec-1] DEBUG c.h.s.dao.ServiceTypeDao.selectAllServerType_COUNT - ==>  Preparing: SELECT count(0) FROM t_sm_service_type WHERE 1 = 1
2021-07-06 10:52:52.294 [http-nio-8081-exec-1] DEBUG c.h.s.dao.ServiceTypeDao.selectAllServerType_COUNT - ==> Parameters: 
2021-07-06 10:52:52.519 [http-nio-8081-exec-1] DEBUG c.h.s.dao.ServiceTypeDao.selectAllServerType_COUNT - <==      Total: 1
2021-07-06 10:52:52.542 [http-nio-8081-exec-1] DEBUG c.htinf.sm.dao.ServiceTypeDao.selectAllServerType - ==>  Preparing: SELECT unid, uuid, name, ifCluster, ifShow, clusterSC, create_time, update_time, status FROM t_sm_service_type WHERE 1 = 1 ORDER BY unid DESC LIMIT ?
2021-07-06 10:52:52.544 [http-nio-8081-exec-1] DEBUG c.htinf.sm.dao.ServiceTypeDao.selectAllServerType - ==> Parameters: 10(Integer)
2021-07-06 10:52:52.566 [http-nio-8081-exec-1] DEBUG c.htinf.sm.dao.ServiceTypeDao.selectAllServerType - <==      Total: 10
2021-07-06 11:03:27.849 [http-nio-8081-exec-1] DEBUG c.h.s.dao.ServiceTypeDao.selectAllServerType_COUNT - ==>  Preparing: SELECT count(0) FROM t_sm_service_type WHERE 1 = 1
2021-07-06 11:03:27.877 [http-nio-8081-exec-1] DEBUG c.h.s.dao.ServiceTypeDao.selectAllServerType_COUNT - ==> Parameters: 
2021-07-06 11:03:27.897 [http-nio-8081-exec-1] DEBUG c.h.s.dao.ServiceTypeDao.selectAllServerType_COUNT - <==      Total: 1
2021-07-06 11:03:27.903 [http-nio-8081-exec-1] DEBUG c.htinf.sm.dao.ServiceTypeDao.selectAllServerType - ==>  Preparing: SELECT unid, uuid, name, ifCluster, ifShow, clusterSC, create_time, update_time, status FROM t_sm_service_type WHERE 1 = 1 ORDER BY unid DESC LIMIT ?
2021-07-06 11:03:27.904 [http-nio-8081-exec-1] DEBUG c.htinf.sm.dao.ServiceTypeDao.selectAllServerType - ==> Parameters: 10(Integer)
2021-07-06 11:03:27.910 [http-nio-8081-exec-1] DEBUG c.htinf.sm.dao.ServiceTypeDao.selectAllServerType - <==      Total: 10
2021-07-06 11:05:08.235 [http-nio-8081-exec-1] DEBUG c.h.s.dao.ServiceTypeDao.selectAllServerType_COUNT - ==>  Preparing: SELECT count(0) FROM t_sm_service_type WHERE 1 = 1
2021-07-06 11:05:08.509 [http-nio-8081-exec-1] DEBUG c.h.s.dao.ServiceTypeDao.selectAllServerType_COUNT - ==> Parameters: 
2021-07-06 11:05:08.710 [http-nio-8081-exec-1] DEBUG c.h.s.dao.ServiceTypeDao.selectAllServerType_COUNT - <==      Total: 1
2021-07-06 11:05:08.732 [http-nio-8081-exec-1] DEBUG c.htinf.sm.dao.ServiceTypeDao.selectAllServerType - ==>  Preparing: SELECT unid, uuid, name, ifCluster, ifShow, clusterSC, create_time, update_time, status FROM t_sm_service_type WHERE 1 = 1 ORDER BY unid DESC LIMIT ?
2021-07-06 11:05:08.734 [http-nio-8081-exec-1] DEBUG c.htinf.sm.dao.ServiceTypeDao.selectAllServerType - ==> Parameters: 10(Integer)
2021-07-06 11:05:08.755 [http-nio-8081-exec-1] DEBUG c.htinf.sm.dao.ServiceTypeDao.selectAllServerType - <==      Total: 10
2021-07-06 11:08:41.185 [http-nio-8081-exec-2] DEBUG c.h.s.dao.ServiceTypeDao.selectAllServerType_COUNT - ==>  Preparing: SELECT count(0) FROM t_sm_service_type WHERE 1 = 1
2021-07-06 11:08:41.186 [http-nio-8081-exec-2] DEBUG c.h.s.dao.ServiceTypeDao.selectAllServerType_COUNT - ==> Parameters: 
2021-07-06 11:08:41.187 [http-nio-8081-exec-2] DEBUG c.h.s.dao.ServiceTypeDao.selectAllServerType_COUNT - <==      Total: 1
2021-07-06 11:08:41.191 [http-nio-8081-exec-2] DEBUG c.htinf.sm.dao.ServiceTypeDao.selectAllServerType - ==>  Preparing: SELECT unid, uuid, name, ifCluster, ifShow, clusterSC, create_time, update_time, status FROM t_sm_service_type WHERE 1 = 1 ORDER BY unid DESC LIMIT ?
2021-07-06 11:08:41.192 [http-nio-8081-exec-2] DEBUG c.htinf.sm.dao.ServiceTypeDao.selectAllServerType - ==> Parameters: 10(Integer)
2021-07-06 11:08:41.210 [http-nio-8081-exec-2] DEBUG c.htinf.sm.dao.ServiceTypeDao.selectAllServerType - <==      Total: 10
2021-07-06 11:11:51.623 [http-nio-8081-exec-1] DEBUG c.h.s.dao.ServiceTypeDao.selectAllServerType_COUNT - ==>  Preparing: SELECT count(0) FROM t_sm_service_type WHERE 1 = 1
2021-07-06 11:11:51.656 [http-nio-8081-exec-1] DEBUG c.h.s.dao.ServiceTypeDao.selectAllServerType_COUNT - ==> Parameters: 
2021-07-06 11:11:51.678 [http-nio-8081-exec-1] DEBUG c.h.s.dao.ServiceTypeDao.selectAllServerType_COUNT - <==      Total: 1
2021-07-06 11:11:51.685 [http-nio-8081-exec-1] DEBUG c.htinf.sm.dao.ServiceTypeDao.selectAllServerType - ==>  Preparing: SELECT unid, uuid, name, ifCluster, ifShow, clusterSC, create_time, update_time, status FROM t_sm_service_type WHERE 1 = 1 ORDER BY unid DESC LIMIT ?
2021-07-06 11:11:51.686 [http-nio-8081-exec-1] DEBUG c.htinf.sm.dao.ServiceTypeDao.selectAllServerType - ==> Parameters: 10(Integer)
2021-07-06 11:11:51.694 [http-nio-8081-exec-1] DEBUG c.htinf.sm.dao.ServiceTypeDao.selectAllServerType - <==      Total: 10
2021-07-06 11:11:55.300 [http-nio-8081-exec-3] DEBUG c.h.s.dao.ServiceTypeDao.selectAllServerType_COUNT - ==>  Preparing: SELECT count(0) FROM t_sm_service_type WHERE 1 = 1
2021-07-06 11:11:55.302 [http-nio-8081-exec-3] DEBUG c.h.s.dao.ServiceTypeDao.selectAllServerType_COUNT - ==> Parameters: 
2021-07-06 11:11:55.305 [http-nio-8081-exec-3] DEBUG c.h.s.dao.ServiceTypeDao.selectAllServerType_COUNT - <==      Total: 1
2021-07-06 11:11:55.319 [http-nio-8081-exec-3] DEBUG c.htinf.sm.dao.ServiceTypeDao.selectAllServerType - ==>  Preparing: SELECT unid, uuid, name, ifCluster, ifShow, clusterSC, create_time, update_time, status FROM t_sm_service_type WHERE 1 = 1 ORDER BY unid DESC LIMIT ?
2021-07-06 11:11:55.320 [http-nio-8081-exec-3] DEBUG c.htinf.sm.dao.ServiceTypeDao.selectAllServerType - ==> Parameters: 10(Integer)
2021-07-06 11:11:55.359 [http-nio-8081-exec-3] DEBUG c.htinf.sm.dao.ServiceTypeDao.selectAllServerType - <==      Total: 10
2021-07-06 11:13:57.091 [http-nio-8081-exec-1] DEBUG c.h.s.dao.ServiceTypeDao.selectAllServerType_COUNT - ==>  Preparing: SELECT count(0) FROM t_sm_service_type WHERE 1 = 1
2021-07-06 11:13:57.370 [http-nio-8081-exec-1] DEBUG c.h.s.dao.ServiceTypeDao.selectAllServerType_COUNT - ==> Parameters: 
2021-07-06 11:13:57.572 [http-nio-8081-exec-1] DEBUG c.h.s.dao.ServiceTypeDao.selectAllServerType_COUNT - <==      Total: 1
2021-07-06 11:13:57.596 [http-nio-8081-exec-1] DEBUG c.htinf.sm.dao.ServiceTypeDao.selectAllServerType - ==>  Preparing: SELECT unid, uuid, name, ifCluster, ifShow, clusterSC, create_time, update_time, status FROM t_sm_service_type WHERE 1 = 1 ORDER BY unid DESC LIMIT ?
2021-07-06 11:13:57.598 [http-nio-8081-exec-1] DEBUG c.htinf.sm.dao.ServiceTypeDao.selectAllServerType - ==> Parameters: 10(Integer)
2021-07-06 11:13:57.619 [http-nio-8081-exec-1] DEBUG c.htinf.sm.dao.ServiceTypeDao.selectAllServerType - <==      Total: 10
2021-07-06 11:15:01.276 [http-nio-8081-exec-1] DEBUG c.h.s.dao.ServiceTypeDao.selectAllServerType_COUNT - ==>  Preparing: SELECT count(0) FROM t_sm_service_type WHERE 1 = 1
2021-07-06 11:15:01.575 [http-nio-8081-exec-1] DEBUG c.h.s.dao.ServiceTypeDao.selectAllServerType_COUNT - ==> Parameters: 
2021-07-06 11:15:01.806 [http-nio-8081-exec-1] DEBUG c.h.s.dao.ServiceTypeDao.selectAllServerType_COUNT - <==      Total: 1
2021-07-06 11:15:01.828 [http-nio-8081-exec-1] DEBUG c.htinf.sm.dao.ServiceTypeDao.selectAllServerType - ==>  Preparing: SELECT unid, uuid, name, ifCluster, ifShow, clusterSC, create_time, update_time, status FROM t_sm_service_type WHERE 1 = 1 ORDER BY unid DESC LIMIT ?
2021-07-06 11:15:01.830 [http-nio-8081-exec-1] DEBUG c.htinf.sm.dao.ServiceTypeDao.selectAllServerType - ==> Parameters: 10(Integer)
2021-07-06 11:15:01.854 [http-nio-8081-exec-1] DEBUG c.htinf.sm.dao.ServiceTypeDao.selectAllServerType - <==      Total: 10
2021-07-06 11:18:03.106 [http-nio-8081-exec-1] DEBUG c.h.s.dao.ServiceTypeDao.selectAllServerType_COUNT - ==>  Preparing: SELECT count(0) FROM t_sm_service_type WHERE 1 = 1
2021-07-06 11:18:03.135 [http-nio-8081-exec-1] DEBUG c.h.s.dao.ServiceTypeDao.selectAllServerType_COUNT - ==> Parameters: 
2021-07-06 11:18:03.159 [http-nio-8081-exec-1] DEBUG c.h.s.dao.ServiceTypeDao.selectAllServerType_COUNT - <==      Total: 1
2021-07-06 11:18:03.166 [http-nio-8081-exec-1] DEBUG c.htinf.sm.dao.ServiceTypeDao.selectAllServerType - ==>  Preparing: SELECT unid, uuid, name, ifCluster, ifShow, clusterSC, create_time, update_time, status FROM t_sm_service_type WHERE 1 = 1 ORDER BY unid DESC LIMIT ?
2021-07-06 11:18:03.167 [http-nio-8081-exec-1] DEBUG c.htinf.sm.dao.ServiceTypeDao.selectAllServerType - ==> Parameters: 10(Integer)
2021-07-06 11:18:03.175 [http-nio-8081-exec-1] DEBUG c.htinf.sm.dao.ServiceTypeDao.selectAllServerType - <==      Total: 10
2021-07-06 14:38:52.839 [http-nio-8081-exec-1] DEBUG c.h.s.d.D.selectAllDeviceConfig_COUNT - ==>  Preparing: SELECT count(0) FROM t_sm_device_config WHERE 1 = 1
2021-07-06 14:38:52.869 [http-nio-8081-exec-1] DEBUG c.h.s.d.D.selectAllDeviceConfig_COUNT - ==> Parameters: 
2021-07-06 14:38:52.893 [http-nio-8081-exec-1] DEBUG c.h.s.d.D.selectAllDeviceConfig_COUNT - <==      Total: 1
2021-07-06 14:38:52.900 [http-nio-8081-exec-1] DEBUG c.h.sm.dao.DeviceConfigDao.selectAllDeviceConfig - ==>  Preparing: SELECT unid, uuid, deviceIp, userName, password, port, url, create_time, update_time, status FROM t_sm_device_config WHERE 1 = 1 ORDER BY unid DESC LIMIT ?
2021-07-06 14:38:52.901 [http-nio-8081-exec-1] DEBUG c.h.sm.dao.DeviceConfigDao.selectAllDeviceConfig - ==> Parameters: 10(Integer)
2021-07-06 14:41:54.776 [http-nio-8081-exec-1] DEBUG c.h.s.d.D.selectAllDeviceConfig_COUNT - ==>  Preparing: SELECT count(0) FROM t_sm_device_config WHERE 1 = 1
2021-07-06 14:41:54.808 [http-nio-8081-exec-1] DEBUG c.h.s.d.D.selectAllDeviceConfig_COUNT - ==> Parameters: 
2021-07-06 14:41:54.830 [http-nio-8081-exec-1] DEBUG c.h.s.d.D.selectAllDeviceConfig_COUNT - <==      Total: 1
2021-07-06 14:41:54.839 [http-nio-8081-exec-1] DEBUG c.h.sm.dao.DeviceConfigDao.selectAllDeviceConfig - ==>  Preparing: SELECT unid, uuid, deviceIp, userName, password, port, url, create_time, update_time, status FROM t_sm_device_config WHERE 1 = 1 ORDER BY unid DESC LIMIT ?
2021-07-06 14:41:54.840 [http-nio-8081-exec-1] DEBUG c.h.sm.dao.DeviceConfigDao.selectAllDeviceConfig - ==> Parameters: 10(Integer)
2021-07-06 14:41:54.846 [http-nio-8081-exec-1] DEBUG c.h.sm.dao.DeviceConfigDao.selectAllDeviceConfig - <==      Total: 10
2021-07-06 14:50:26.168 [http-nio-8081-exec-1] DEBUG c.h.s.d.D.selectAllDeviceConfig_COUNT - ==>  Preparing: SELECT count(0) FROM t_sm_device_config WHERE 1 = 1
2021-07-06 14:50:26.198 [http-nio-8081-exec-1] DEBUG c.h.s.d.D.selectAllDeviceConfig_COUNT - ==> Parameters: 
2021-07-06 14:50:26.219 [http-nio-8081-exec-1] DEBUG c.h.s.d.D.selectAllDeviceConfig_COUNT - <==      Total: 1
2021-07-06 14:50:26.227 [http-nio-8081-exec-1] DEBUG c.h.sm.dao.DeviceConfigDao.selectAllDeviceConfig - ==>  Preparing: SELECT unid, uuid, deviceIp, userName, password, port, url, create_time, update_time, status FROM t_sm_device_config WHERE 1 = 1 ORDER BY unid DESC LIMIT ?
2021-07-06 14:50:26.228 [http-nio-8081-exec-1] DEBUG c.h.sm.dao.DeviceConfigDao.selectAllDeviceConfig - ==> Parameters: 10(Integer)
2021-07-06 14:50:26.235 [http-nio-8081-exec-1] DEBUG c.h.sm.dao.DeviceConfigDao.selectAllDeviceConfig - <==      Total: 10
2021-07-06 14:50:39.298 [http-nio-8081-exec-3] DEBUG c.h.s.d.S.selectAllServerConfig_COUNT - ==>  Preparing: SELECT count(0) FROM t_sm_server_config WHERE 1 = 1
2021-07-06 14:50:39.299 [http-nio-8081-exec-3] DEBUG c.h.s.d.S.selectAllServerConfig_COUNT - ==> Parameters: 
2021-07-06 14:50:39.300 [http-nio-8081-exec-3] DEBUG c.h.s.d.S.selectAllServerConfig_COUNT - <==      Total: 1
2021-07-06 14:50:39.301 [http-nio-8081-exec-3] DEBUG c.h.sm.dao.ServerConfigDao.selectAllServerConfig - ==>  Preparing: SELECT unid, uuid, serverIp, userName, password, sshPort, sftpPort, create_time, update_time, status FROM t_sm_server_config WHERE 1 = 1 ORDER BY unid DESC LIMIT ?
2021-07-06 14:50:39.301 [http-nio-8081-exec-3] DEBUG c.h.sm.dao.ServerConfigDao.selectAllServerConfig - ==> Parameters: 10(Integer)
2021-07-06 14:50:39.309 [http-nio-8081-exec-3] DEBUG c.h.sm.dao.ServerConfigDao.selectAllServerConfig - <==      Total: 10
2021-07-06 15:05:16.246 [http-nio-8081-exec-1] DEBUG c.h.s.d.S.selectAllServiceConfig_COUNT - ==>  Preparing: SELECT count(0) FROM t_sm_service_config WHERE 1 = 1
2021-07-06 15:05:16.275 [http-nio-8081-exec-1] DEBUG c.h.s.d.S.selectAllServiceConfig_COUNT - ==> Parameters: 
2021-07-06 15:05:16.299 [http-nio-8081-exec-1] DEBUG c.h.s.d.S.selectAllServiceConfig_COUNT - <==      Total: 1
2021-07-06 15:05:16.307 [http-nio-8081-exec-1] DEBUG c.h.sm.dao.ServiceConfigDao.selectAllServiceConfig - ==>  Preparing: SELECT unid, uuid, serverUuid, typeId, name, serviceName, port, manageURL, stateCommand, installPath, stopCommand, startCommand, restartCommand, backupCommand, logPath, create_time, update_time, status FROM t_sm_service_config WHERE 1 = 1 ORDER BY unid DESC LIMIT ?
2021-07-06 15:05:16.308 [http-nio-8081-exec-1] DEBUG c.h.sm.dao.ServiceConfigDao.selectAllServiceConfig - ==> Parameters: 10(Integer)
2021-07-06 15:06:23.132 [http-nio-8081-exec-1] DEBUG c.h.s.d.S.selectAllServiceConfig_COUNT - ==>  Preparing: SELECT count(0) FROM t_sm_service_config WHERE 1 = 1
2021-07-06 15:06:23.163 [http-nio-8081-exec-1] DEBUG c.h.s.d.S.selectAllServiceConfig_COUNT - ==> Parameters: 
2021-07-06 15:06:23.188 [http-nio-8081-exec-1] DEBUG c.h.s.d.S.selectAllServiceConfig_COUNT - <==      Total: 1
2021-07-06 15:06:23.197 [http-nio-8081-exec-1] DEBUG c.h.sm.dao.ServiceConfigDao.selectAllServiceConfig - ==>  Preparing: SELECT unid, uuid, serverUuid, typeId, name, serviceName, port, manageURL, stateCommand, installPath, stopCommand, startCommand, restartCommand, backupCommand, logPath, create_time, update_time, status FROM t_sm_service_config WHERE 1 = 1 ORDER BY unid DESC LIMIT ?
2021-07-06 15:06:23.197 [http-nio-8081-exec-1] DEBUG c.h.sm.dao.ServiceConfigDao.selectAllServiceConfig - ==> Parameters: 10(Integer)
2021-07-06 15:06:23.205 [http-nio-8081-exec-1] DEBUG c.h.sm.dao.ServiceConfigDao.selectAllServiceConfig - <==      Total: 10
2021-07-06 16:11:02.161 [http-nio-8081-exec-3] DEBUG c.h.s.d.S.selectAllServerConfig_COUNT - ==>  Preparing: SELECT count(0) FROM t_sm_server_config WHERE 1 = 1
2021-07-06 16:11:02.192 [http-nio-8081-exec-3] DEBUG c.h.s.d.S.selectAllServerConfig_COUNT - ==> Parameters: 
2021-07-06 16:11:02.221 [http-nio-8081-exec-3] DEBUG c.h.s.d.S.selectAllServerConfig_COUNT - <==      Total: 1
2021-07-06 16:11:02.227 [http-nio-8081-exec-3] DEBUG c.h.sm.dao.ServerConfigDao.selectAllServerConfig - ==>  Preparing: SELECT unid, uuid, serverIp, userName, password, sshPort, sftpPort, create_time, update_time, status FROM t_sm_server_config WHERE 1 = 1 ORDER BY unid DESC LIMIT ?
2021-07-06 16:11:02.228 [http-nio-8081-exec-3] DEBUG c.h.sm.dao.ServerConfigDao.selectAllServerConfig - ==> Parameters: 10(Integer)
2021-07-06 16:11:02.236 [http-nio-8081-exec-3] DEBUG c.h.sm.dao.ServerConfigDao.selectAllServerConfig - <==      Total: 10
2021-07-06 16:12:56.174 [http-nio-8081-exec-5] DEBUG c.htinf.sm.dao.DeviceConfigDao.insertDeviceConfig - ==>  Preparing: INSERT INTO t_sm_device_config ( uuid, deviceIp, userName, password, port, url ) VALUES ( ?, ?, ?, ?, ?, ? )
2021-07-06 16:12:56.175 [http-nio-8081-exec-5] DEBUG c.htinf.sm.dao.DeviceConfigDao.insertDeviceConfig - ==> Parameters: ec2abc2807f24bcdb8fae58bc57518e0(String), 10.250.19.123(String), root(String), sdf3d23sd2(String), 3306(Integer), null
2021-07-06 16:12:56.179 [http-nio-8081-exec-5] DEBUG c.htinf.sm.dao.DeviceConfigDao.insertDeviceConfig - <==    Updates: 1
2021-07-06 16:26:47.793 [http-nio-8081-exec-3] DEBUG c.htinf.sm.dao.DeviceConfigDao.deleteDeviceConfig - ==>  Preparing: UPDATE t_sm_device_config SET status = 1 WHERE uuid = ?
2021-07-06 16:26:47.821 [http-nio-8081-exec-3] DEBUG c.htinf.sm.dao.DeviceConfigDao.deleteDeviceConfig - ==> Parameters: 8d0bab1dcc1a4ffe9d5b0c03c2caf264(String)
2021-07-06 16:26:47.824 [http-nio-8081-exec-3] DEBUG c.htinf.sm.dao.DeviceConfigDao.deleteDeviceConfig - <==    Updates: 0
2021-07-06 16:27:42.159 [http-nio-8081-exec-5] DEBUG c.htinf.sm.dao.DeviceConfigDao.deleteDeviceConfig - ==>  Preparing: UPDATE t_sm_device_config SET status = 1 WHERE uuid = ?
2021-07-06 16:27:42.160 [http-nio-8081-exec-5] DEBUG c.htinf.sm.dao.DeviceConfigDao.deleteDeviceConfig - ==> Parameters: 783fb689a7aa48d58c257afdb5f1acb1(String)
2021-07-06 16:27:42.162 [http-nio-8081-exec-5] DEBUG c.htinf.sm.dao.DeviceConfigDao.deleteDeviceConfig - <==    Updates: 0
2021-07-06 16:28:02.033 [http-nio-8081-exec-1] DEBUG c.htinf.sm.dao.DeviceConfigDao.deleteDeviceConfig - ==>  Preparing: UPDATE t_sm_device_config SET status = 1 WHERE uuid = ?
2021-07-06 16:28:02.063 [http-nio-8081-exec-1] DEBUG c.htinf.sm.dao.DeviceConfigDao.deleteDeviceConfig - ==> Parameters: 819896844921340251(String)
2021-07-06 16:28:02.067 [http-nio-8081-exec-1] DEBUG c.htinf.sm.dao.DeviceConfigDao.deleteDeviceConfig - <==    Updates: 1
2021-07-06 16:29:49.318 [http-nio-8081-exec-5] DEBUG c.htinf.sm.dao.DeviceConfigDao.updateDeviceConfig - ==>  Preparing: UPDATE t_sm_device_config SET deviceIp = ?, userName = ?, password = ?, port = ?, url = ? WHERE uuid = ?
2021-07-06 16:29:49.319 [http-nio-8081-exec-5] DEBUG c.htinf.sm.dao.DeviceConfigDao.updateDeviceConfig - ==> Parameters: 10.250.196.26(String), 测试设备1(String), 多发点43(String), 3311(Integer), null, 819896844921340256(String)
2021-07-06 16:29:49.322 [http-nio-8081-exec-5] DEBUG c.htinf.sm.dao.DeviceConfigDao.updateDeviceConfig - <==    Updates: 1
2021-07-06 16:30:15.012 [http-nio-8081-exec-7] DEBUG c.htinf.sm.dao.DeviceConfigDao.updateDeviceConfig - ==>  Preparing: UPDATE t_sm_device_config SET deviceIp = ?, userName = ?, password = ?, port = ?, url = ? WHERE uuid = ?
2021-07-06 16:30:15.013 [http-nio-8081-exec-7] DEBUG c.htinf.sm.dao.DeviceConfigDao.updateDeviceConfig - ==> Parameters: 10.250.196.26(String), 测试设备1(String), 多发点43(String), 3311(Integer), rfde343(String), 819896844921340256(String)
2021-07-06 16:30:15.017 [http-nio-8081-exec-7] DEBUG c.htinf.sm.dao.DeviceConfigDao.updateDeviceConfig - <==    Updates: 1
2021-07-06 16:43:25.489 [http-nio-8081-exec-1] DEBUG c.htinf.sm.dao.ServerConfigDao.updateDeviceConfig - ==>  Preparing: UPDATE t_sm_server_config SET serverIp = ?, userName = ?, password = ?, sshPort = ?, sftpPort = ? WHERE uuid = ?
2021-07-06 16:43:25.523 [http-nio-8081-exec-1] DEBUG c.htinf.sm.dao.ServerConfigDao.updateDeviceConfig - ==> Parameters: 10.250.196.26(String), 测试设备1(String), df3333(String), 22(Integer), 23(Integer), 819896844921340266(String)
2021-07-06 16:43:25.527 [http-nio-8081-exec-1] DEBUG c.htinf.sm.dao.ServerConfigDao.updateDeviceConfig - <==    Updates: 1
2021-07-06 16:45:22.265 [http-nio-8081-exec-3] DEBUG c.htinf.sm.dao.ServerConfigDao.updateDeviceConfig - ==>  Preparing: UPDATE t_sm_server_config SET serverIp = ?, userName = ?, password = ?, sshPort = ?, sftpPort = ? WHERE uuid = ?
2021-07-06 16:45:22.266 [http-nio-8081-exec-3] DEBUG c.htinf.sm.dao.ServerConfigDao.updateDeviceConfig - ==> Parameters: 10.250.196.26(String), 测试设备1(String), df3333(String), 22(Integer), 23(Integer), 819896844921340269(String)
2021-07-06 16:45:22.271 [http-nio-8081-exec-3] DEBUG c.htinf.sm.dao.ServerConfigDao.updateDeviceConfig - <==    Updates: 1
2021-07-06 16:45:35.278 [http-nio-8081-exec-5] DEBUG c.htinf.sm.dao.ServerConfigDao.insertDeviceConfig - ==>  Preparing: INSERT INTO t_sm_server_config ( uuid, serverIp, userName, password, sshPort, sftpPort ) VALUES ( ?, ?, ?, ?, ?, ? )
2021-07-06 16:45:35.279 [http-nio-8081-exec-5] DEBUG c.htinf.sm.dao.ServerConfigDao.insertDeviceConfig - ==> Parameters: e19ee73773f74372a50c234242035180(String), 10.250.19.123(String), root(String), sdf3d23sd2(String), 3306(Integer), 222(Integer)
2021-07-06 16:45:35.282 [http-nio-8081-exec-5] DEBUG c.htinf.sm.dao.ServerConfigDao.insertDeviceConfig - <==    Updates: 1
2021-07-06 16:46:25.653 [http-nio-8081-exec-7] DEBUG c.htinf.sm.dao.ServerConfigDao.deleteServerConfig - ==>  Preparing: UPDATE t_sm_server_config SET status = 1 WHERE uuid = ?
2021-07-06 16:46:25.653 [http-nio-8081-exec-7] DEBUG c.htinf.sm.dao.ServerConfigDao.deleteServerConfig - ==> Parameters: 819896844921340251(String)
2021-07-06 16:46:25.655 [http-nio-8081-exec-7] DEBUG c.htinf.sm.dao.ServerConfigDao.deleteServerConfig - <==    Updates: 0
2021-07-06 16:47:18.269 [http-nio-8081-exec-1] DEBUG c.htinf.sm.dao.ServerConfigDao.deleteServerConfig - ==>  Preparing: UPDATE t_sm_server_config SET status = 1 WHERE uuid = ?
2021-07-06 16:47:18.302 [http-nio-8081-exec-1] DEBUG c.htinf.sm.dao.ServerConfigDao.deleteServerConfig - ==> Parameters: 819896844921340251(String)
2021-07-06 16:47:18.304 [http-nio-8081-exec-1] DEBUG c.htinf.sm.dao.ServerConfigDao.deleteServerConfig - <==    Updates: 0
2021-07-06 16:47:50.022 [http-nio-8081-exec-3] DEBUG c.htinf.sm.dao.ServerConfigDao.deleteServerConfig - ==>  Preparing: UPDATE t_sm_server_config SET status = 1 WHERE uuid = ?
2021-07-06 16:47:50.024 [http-nio-8081-exec-3] DEBUG c.htinf.sm.dao.ServerConfigDao.deleteServerConfig - ==> Parameters: 819896844921340251(String)
2021-07-06 16:47:50.027 [http-nio-8081-exec-3] DEBUG c.htinf.sm.dao.ServerConfigDao.deleteServerConfig - <==    Updates: 0
2021-07-06 16:48:42.931 [http-nio-8081-exec-1] DEBUG c.htinf.sm.dao.ServerConfigDao.deleteServerConfig - ==>  Preparing: UPDATE t_sm_server_config SET status = 1 WHERE uuid = ?
2021-07-06 16:48:42.960 [http-nio-8081-exec-1] DEBUG c.htinf.sm.dao.ServerConfigDao.deleteServerConfig - ==> Parameters: 819896844921340251(String)
2021-07-06 16:48:42.962 [http-nio-8081-exec-1] DEBUG c.htinf.sm.dao.ServerConfigDao.deleteServerConfig - <==    Updates: 0
2021-07-06 16:49:48.228 [http-nio-8081-exec-3] DEBUG c.htinf.sm.dao.ServerConfigDao.deleteServerConfig - ==>  Preparing: UPDATE t_sm_server_config SET status = 1 WHERE uuid = ?
2021-07-06 16:49:48.229 [http-nio-8081-exec-3] DEBUG c.htinf.sm.dao.ServerConfigDao.deleteServerConfig - ==> Parameters: 819896844921340251(String)
2021-07-06 16:49:48.231 [http-nio-8081-exec-3] DEBUG c.htinf.sm.dao.ServerConfigDao.deleteServerConfig - <==    Updates: 0
2021-07-06 16:50:07.826 [http-nio-8081-exec-5] DEBUG c.htinf.sm.dao.ServerConfigDao.deleteServerConfig - ==>  Preparing: UPDATE t_sm_server_config SET status = 1 WHERE uuid = ?
2021-07-06 16:50:07.828 [http-nio-8081-exec-5] DEBUG c.htinf.sm.dao.ServerConfigDao.deleteServerConfig - ==> Parameters: 819896844921340251(String)
2021-07-06 16:50:07.830 [http-nio-8081-exec-5] DEBUG c.htinf.sm.dao.ServerConfigDao.deleteServerConfig - <==    Updates: 0
2021-07-06 16:50:56.136 [http-nio-8081-exec-7] DEBUG c.htinf.sm.dao.ServerConfigDao.deleteServerConfig - ==>  Preparing: UPDATE t_sm_server_config SET status = 1 WHERE uuid = ?
2021-07-06 16:50:56.137 [http-nio-8081-exec-7] DEBUG c.htinf.sm.dao.ServerConfigDao.deleteServerConfig - ==> Parameters: 819896844921340499(String)
2021-07-06 16:50:56.142 [http-nio-8081-exec-7] DEBUG c.htinf.sm.dao.ServerConfigDao.deleteServerConfig - <==    Updates: 1
