2021-07-08 11:44:25.811 [http-nio-8081-exec-3] ERROR o.a.c.core.ContainerBase.[Tomcat].[localhost] - Custom error page [/error] could not be dispatched correctly
2021-07-08 11:44:29.179 [http-nio-8081-exec-4] ERROR o.a.c.core.ContainerBase.[Tomcat].[localhost] - Custom error page [/error] could not be dispatched correctly
2021-07-08 11:44:58.842 [http-nio-8081-exec-5] ERROR o.a.c.core.ContainerBase.[Tomcat].[localhost] - Custom error page [/error] could not be dispatched correctly
2021-07-08 11:44:59.989 [http-nio-8081-exec-6] ERROR o.a.c.core.ContainerBase.[Tomcat].[localhost] - Custom error page [/error] could not be dispatched correctly
2021-07-08 11:45:00.147 [http-nio-8081-exec-7] ERROR o.a.c.core.ContainerBase.[Tomcat].[localhost] - Custom error page [/error] could not be dispatched correctly
2021-07-08 11:45:00.297 [http-nio-8081-exec-8] ERROR o.a.c.core.ContainerBase.[Tomcat].[localhost] - Custom error page [/error] could not be dispatched correctly
2021-07-08 11:45:00.430 [http-nio-8081-exec-9] ERROR o.a.c.core.ContainerBase.[Tomcat].[localhost] - Custom error page [/error] could not be dispatched correctly
2021-07-08 11:45:00.575 [http-nio-8081-exec-10] ERROR o.a.c.core.ContainerBase.[Tomcat].[localhost] - Custom error page [/error] could not be dispatched correctly
2021-07-08 11:45:00.686 [http-nio-8081-exec-1] ERROR o.a.c.core.ContainerBase.[Tomcat].[localhost] - Custom error page [/error] could not be dispatched correctly
2021-07-08 11:45:00.814 [http-nio-8081-exec-2] ERROR o.a.c.core.ContainerBase.[Tomcat].[localhost] - Custom error page [/error] could not be dispatched correctly
2021-07-08 11:45:00.953 [http-nio-8081-exec-3] ERROR o.a.c.core.ContainerBase.[Tomcat].[localhost] - Custom error page [/error] could not be dispatched correctly
2021-07-08 11:45:14.518 [http-nio-8081-exec-6] ERROR o.a.c.core.ContainerBase.[Tomcat].[localhost] - Custom error page [/error] could not be dispatched correctly
2021-07-08 11:49:36.413 [http-nio-8081-exec-1] ERROR o.a.c.core.ContainerBase.[Tomcat].[localhost] - Custom error page [/error] could not be dispatched correctly
2021-07-08 11:49:40.272 [http-nio-8081-exec-2] ERROR o.a.c.core.ContainerBase.[Tomcat].[localhost] - Custom error page [/error] could not be dispatched correctly
2021-07-08 11:50:10.307 [http-nio-8081-exec-3] ERROR o.a.c.core.ContainerBase.[Tomcat].[localhost] - Custom error page [/error] could not be dispatched correctly
2021-07-08 11:50:27.294 [http-nio-8081-exec-1] ERROR o.a.c.core.ContainerBase.[Tomcat].[localhost] - Custom error page [/error] could not be dispatched correctly
2021-07-08 11:50:28.452 [http-nio-8081-exec-2] ERROR o.a.c.core.ContainerBase.[Tomcat].[localhost] - Custom error page [/error] could not be dispatched correctly
2021-07-08 11:50:29.165 [http-nio-8081-exec-3] ERROR o.a.c.core.ContainerBase.[Tomcat].[localhost] - Custom error page [/error] could not be dispatched correctly
2021-07-08 11:52:42.811 [http-nio-8081-exec-1] ERROR o.a.c.core.ContainerBase.[Tomcat].[localhost] - Custom error page [/error] could not be dispatched correctly
2021-07-08 11:52:47.415 [http-nio-8081-exec-2] ERROR o.a.c.core.ContainerBase.[Tomcat].[localhost] - Custom error page [/error] could not be dispatched correctly
2021-07-08 11:54:13.278 [http-nio-8081-exec-5] ERROR o.a.c.core.ContainerBase.[Tomcat].[localhost] - Custom error page [/error] could not be dispatched correctly
2021-07-08 11:54:23.192 [http-nio-8081-exec-6] ERROR o.a.c.core.ContainerBase.[Tomcat].[localhost] - Custom error page [/error] could not be dispatched correctly
2021-07-08 11:54:23.705 [http-nio-8081-exec-7] ERROR o.a.c.core.ContainerBase.[Tomcat].[localhost] - Custom error page [/error] could not be dispatched correctly
2021-07-08 11:54:23.892 [http-nio-8081-exec-8] ERROR o.a.c.core.ContainerBase.[Tomcat].[localhost] - Custom error page [/error] could not be dispatched correctly
2021-07-08 11:54:24.153 [http-nio-8081-exec-9] ERROR o.a.c.core.ContainerBase.[Tomcat].[localhost] - Custom error page [/error] could not be dispatched correctly
2021-07-08 11:54:24.331 [http-nio-8081-exec-10] ERROR o.a.c.core.ContainerBase.[Tomcat].[localhost] - Custom error page [/error] could not be dispatched correctly
2021-07-08 11:54:26.774 [http-nio-8081-exec-1] ERROR o.a.c.core.ContainerBase.[Tomcat].[localhost] - Custom error page [/error] could not be dispatched correctly
2021-07-08 11:55:17.512 [http-nio-8081-exec-3] ERROR o.a.c.core.ContainerBase.[Tomcat].[localhost] - Custom error page [/error] could not be dispatched correctly
2021-07-08 11:55:36.518 [http-nio-8081-exec-1] ERROR o.a.c.core.ContainerBase.[Tomcat].[localhost] - Custom error page [/error] could not be dispatched correctly
2021-07-08 11:55:38.937 [http-nio-8081-exec-2] ERROR o.a.c.core.ContainerBase.[Tomcat].[localhost] - Custom error page [/error] could not be dispatched correctly
2021-07-08 11:55:40.949 [http-nio-8081-exec-4] ERROR o.a.c.core.ContainerBase.[Tomcat].[localhost] - Custom error page [/error] could not be dispatched correctly
2021-07-08 11:56:02.323 [http-nio-8081-exec-5] ERROR o.a.c.core.ContainerBase.[Tomcat].[localhost] - Custom error page [/error] could not be dispatched correctly
2021-07-08 11:56:33.170 [http-nio-8081-exec-1] ERROR o.a.c.core.ContainerBase.[Tomcat].[localhost] - Custom error page [/error] could not be dispatched correctly
2021-07-08 11:56:48.653 [http-nio-8081-exec-2] ERROR o.a.c.core.ContainerBase.[Tomcat].[localhost] - Custom error page [/error] could not be dispatched correctly
2021-07-08 11:56:54.899 [http-nio-8081-exec-3] ERROR o.a.c.core.ContainerBase.[Tomcat].[localhost] - Custom error page [/error] could not be dispatched correctly
2021-07-08 11:56:59.066 [http-nio-8081-exec-5] ERROR o.a.c.core.ContainerBase.[Tomcat].[localhost] - Custom error page [/error] could not be dispatched correctly
2021-07-08 11:57:21.076 [http-nio-8081-exec-7] ERROR o.a.c.core.ContainerBase.[Tomcat].[localhost] - Custom error page [/error] could not be dispatched correctly
2021-07-08 13:43:07.933 [http-nio-8081-exec-2] ERROR o.a.c.core.ContainerBase.[Tomcat].[localhost] - Custom error page [/error] could not be dispatched correctly
2021-07-08 13:43:11.833 [http-nio-8081-exec-4] ERROR o.a.c.core.ContainerBase.[Tomcat].[localhost] - Custom error page [/error] could not be dispatched correctly
2021-07-08 13:46:30.947 [http-nio-8081-exec-2] ERROR o.a.c.core.ContainerBase.[Tomcat].[localhost] - Custom error page [/error] could not be dispatched correctly
2021-07-08 13:46:32.084 [http-nio-8081-exec-3] ERROR o.a.c.core.ContainerBase.[Tomcat].[localhost] - Custom error page [/error] could not be dispatched correctly
2021-07-08 13:46:32.920 [http-nio-8081-exec-4] ERROR o.a.c.core.ContainerBase.[Tomcat].[localhost] - Custom error page [/error] could not be dispatched correctly
2021-07-08 13:46:33.481 [http-nio-8081-exec-5] ERROR o.a.c.core.ContainerBase.[Tomcat].[localhost] - Custom error page [/error] could not be dispatched correctly
2021-07-08 13:47:49.551 [http-nio-8081-exec-2] ERROR o.a.c.core.ContainerBase.[Tomcat].[localhost] - Custom error page [/error] could not be dispatched correctly
2021-07-08 13:48:55.578 [http-nio-8081-exec-1] ERROR o.a.c.core.ContainerBase.[Tomcat].[localhost] - Custom error page [/error] could not be dispatched correctly
2021-07-08 13:49:47.561 [http-nio-8081-exec-3] ERROR o.a.c.core.ContainerBase.[Tomcat].[localhost] - Custom error page [/error] could not be dispatched correctly
2021-07-08 13:51:13.938 [http-nio-8081-exec-1] ERROR o.a.c.core.ContainerBase.[Tomcat].[localhost] - Custom error page [/error] could not be dispatched correctly
2021-07-08 13:51:30.454 [http-nio-8081-exec-2] ERROR o.a.c.core.ContainerBase.[Tomcat].[localhost] - Custom error page [/error] could not be dispatched correctly
2021-07-08 13:51:41.159 [http-nio-8081-exec-3] ERROR o.a.c.core.ContainerBase.[Tomcat].[localhost] - Custom error page [/error] could not be dispatched correctly
2021-07-08 13:52:30.190 [http-nio-8081-exec-5] ERROR o.a.c.core.ContainerBase.[Tomcat].[localhost] - Custom error page [/error] could not be dispatched correctly
2021-07-08 13:52:32.439 [http-nio-8081-exec-6] ERROR o.a.c.core.ContainerBase.[Tomcat].[localhost] - Custom error page [/error] could not be dispatched correctly
2021-07-08 13:52:33.369 [http-nio-8081-exec-7] ERROR o.a.c.core.ContainerBase.[Tomcat].[localhost] - Custom error page [/error] could not be dispatched correctly
2021-07-08 13:52:34.267 [http-nio-8081-exec-8] ERROR o.a.c.core.ContainerBase.[Tomcat].[localhost] - Custom error page [/error] could not be dispatched correctly
2021-07-08 14:28:04.808 [http-nio-8081-exec-4] ERROR o.a.c.core.ContainerBase.[Tomcat].[localhost] - Custom error page [/error] could not be dispatched correctly
2021-07-08 14:29:01.175 [http-nio-8081-exec-8] ERROR o.a.c.core.ContainerBase.[Tomcat].[localhost] - Custom error page [/error] could not be dispatched correctly
2021-07-08 14:37:02.575 [http-nio-8081-exec-5] ERROR o.a.c.core.ContainerBase.[Tomcat].[localhost] - Custom error page [/error] could not be dispatched correctly
2021-07-08 14:37:52.684 [http-nio-8081-exec-4] ERROR o.a.c.core.ContainerBase.[Tomcat].[localhost] - Custom error page [/error] could not be dispatched correctly
2021-07-08 14:38:49.908 [http-nio-8081-exec-9] ERROR o.a.c.core.ContainerBase.[Tomcat].[localhost] - Custom error page [/error] could not be dispatched correctly
2021-07-08 14:42:15.984 [http-nio-8081-exec-4] ERROR o.a.c.core.ContainerBase.[Tomcat].[localhost] - Custom error page [/error] could not be dispatched correctly
2021-07-08 14:43:28.900 [http-nio-8081-exec-4] ERROR o.a.c.core.ContainerBase.[Tomcat].[localhost] - Custom error page [/error] could not be dispatched correctly
2021-07-08 14:47:09.077 [restartedMain] ERROR org.springframework.boot.SpringApplication - Application run failed
java.lang.IllegalStateException: Failed to register @ServerEndpoint class: class com.htinf.sm.common.WebSocketController
	at org.springframework.web.socket.server.standard.ServerEndpointExporter.registerEndpoint(ServerEndpointExporter.java:159)
	at org.springframework.web.socket.server.standard.ServerEndpointExporter.registerEndpoints(ServerEndpointExporter.java:134)
	at org.springframework.web.socket.server.standard.ServerEndpointExporter.afterSingletonsInstantiated(ServerEndpointExporter.java:112)
	at org.springframework.beans.factory.support.DefaultListableBeanFactory.preInstantiateSingletons(DefaultListableBeanFactory.java:963)
	at org.springframework.context.support.AbstractApplicationContext.finishBeanFactoryInitialization(AbstractApplicationContext.java:918)
	at org.springframework.context.support.AbstractApplicationContext.refresh(AbstractApplicationContext.java:583)
	at org.springframework.boot.web.servlet.context.ServletWebServerApplicationContext.refresh(ServletWebServerApplicationContext.java:145)
	at org.springframework.boot.SpringApplication.refresh(SpringApplication.java:754)
	at org.springframework.boot.SpringApplication.refreshContext(SpringApplication.java:434)
	at org.springframework.boot.SpringApplication.run(SpringApplication.java:338)
	at org.springframework.boot.SpringApplication.run(SpringApplication.java:1343)
	at org.springframework.boot.SpringApplication.run(SpringApplication.java:1332)
	at com.htinf.sm.ServiceManageApplication.main(ServiceManageApplication.java:15)
	at sun.reflect.NativeMethodAccessorImpl.invoke0(Native Method)
	at sun.reflect.NativeMethodAccessorImpl.invoke(NativeMethodAccessorImpl.java:62)
	at sun.reflect.DelegatingMethodAccessorImpl.invoke(DelegatingMethodAccessorImpl.java:43)
	at java.lang.reflect.Method.invoke(Method.java:498)
	at org.springframework.boot.devtools.restart.RestartLauncher.run(RestartLauncher.java:49)
Caused by: javax.websocket.DeploymentException: A parameter of type [class java.lang.String] was found on method[onOpen] of class [java.lang.reflect.Method] that did not have a @PathParam annotation
	at org.apache.tomcat.websocket.pojo.PojoMethodMapping.getPathParams(PojoMethodMapping.java:347)
	at org.apache.tomcat.websocket.pojo.PojoMethodMapping.<init>(PojoMethodMapping.java:221)
	at org.apache.tomcat.websocket.server.WsServerContainer.addEndpoint(WsServerContainer.java:155)
	at org.apache.tomcat.websocket.server.WsServerContainer.addEndpoint(WsServerContainer.java:279)
	at org.apache.tomcat.websocket.server.WsServerContainer.addEndpoint(WsServerContainer.java:229)
	at org.springframework.web.socket.server.standard.ServerEndpointExporter.registerEndpoint(ServerEndpointExporter.java:156)
	... 17 common frames omitted
2021-07-08 15:17:06.671 [http-nio-8081-exec-4] ERROR o.a.c.core.ContainerBase.[Tomcat].[localhost] - Custom error page [/error] could not be dispatched correctly
2021-07-08 15:18:24.112 [http-nio-8081-exec-1] ERROR o.a.c.core.ContainerBase.[Tomcat].[localhost] - Custom error page [/error] could not be dispatched correctly
2021-07-08 15:18:30.572 [http-nio-8081-exec-5] ERROR o.a.c.core.ContainerBase.[Tomcat].[localhost] - Custom error page [/error] could not be dispatched correctly
2021-07-08 15:18:38.164 [http-nio-8081-exec-9] ERROR o.a.c.core.ContainerBase.[Tomcat].[localhost] - Custom error page [/error] could not be dispatched correctly
2021-07-08 15:18:45.129 [http-nio-8081-exec-5] ERROR o.a.c.core.ContainerBase.[Tomcat].[localhost] - Custom error page [/error] could not be dispatched correctly
2021-07-08 15:18:45.557 [http-nio-8081-exec-9] ERROR o.a.c.core.ContainerBase.[Tomcat].[localhost] - Custom error page [/error] could not be dispatched correctly
2021-07-08 15:18:47.945 [http-nio-8081-exec-5] ERROR o.a.c.core.ContainerBase.[Tomcat].[localhost] - Custom error page [/error] could not be dispatched correctly
2021-07-08 15:18:52.385 [http-nio-8081-exec-9] ERROR o.a.c.core.ContainerBase.[Tomcat].[localhost] - Custom error page [/error] could not be dispatched correctly
2021-07-08 15:18:52.842 [http-nio-8081-exec-5] ERROR o.a.c.core.ContainerBase.[Tomcat].[localhost] - Custom error page [/error] could not be dispatched correctly
2021-07-08 15:18:53.239 [http-nio-8081-exec-9] ERROR o.a.c.core.ContainerBase.[Tomcat].[localhost] - Custom error page [/error] could not be dispatched correctly
2021-07-08 15:18:53.426 [http-nio-8081-exec-5] ERROR o.a.c.core.ContainerBase.[Tomcat].[localhost] - Custom error page [/error] could not be dispatched correctly
2021-07-08 15:18:56.509 [http-nio-8081-exec-2] ERROR o.a.c.core.ContainerBase.[Tomcat].[localhost] - Custom error page [/error] could not be dispatched correctly
2021-07-08 15:19:04.601 [http-nio-8081-exec-3] ERROR o.a.c.core.ContainerBase.[Tomcat].[localhost] - Custom error page [/error] could not be dispatched correctly
2021-07-08 15:20:58.622 [http-nio-8081-exec-6] ERROR org.apache.tomcat.websocket.pojo.PojoEndpointBase - Failed to call onClose method of POJO end point for POJO of type [com.htinf.sm.common.WebSocketController]
java.lang.reflect.InvocationTargetException: null
	at sun.reflect.NativeMethodAccessorImpl.invoke0(Native Method)
	at sun.reflect.NativeMethodAccessorImpl.invoke(NativeMethodAccessorImpl.java:62)
	at sun.reflect.DelegatingMethodAccessorImpl.invoke(DelegatingMethodAccessorImpl.java:43)
	at java.lang.reflect.Method.invoke(Method.java:498)
	at org.apache.tomcat.websocket.pojo.PojoEndpointBase.onClose(PojoEndpointBase.java:107)
	at org.apache.tomcat.websocket.WsSession.fireEndpointOnClose(WsSession.java:759)
	at org.apache.tomcat.websocket.WsSession.onClose(WsSession.java:740)
	at org.apache.tomcat.websocket.WsFrameBase.processDataControl(WsFrameBase.java:367)
	at org.apache.tomcat.websocket.WsFrameBase.processData(WsFrameBase.java:296)
	at org.apache.tomcat.websocket.WsFrameBase.processInputBuffer(WsFrameBase.java:133)
	at org.apache.tomcat.websocket.server.WsFrameServer.onDataAvailable(WsFrameServer.java:85)
	at org.apache.tomcat.websocket.server.WsFrameServer.doOnDataAvailable(WsFrameServer.java:183)
	at org.apache.tomcat.websocket.server.WsFrameServer.notifyDataAvailable(WsFrameServer.java:162)
	at org.apache.tomcat.websocket.server.WsHttpUpgradeHandler.upgradeDispatch(WsHttpUpgradeHandler.java:156)
	at org.apache.coyote.http11.upgrade.UpgradeProcessorInternal.dispatch(UpgradeProcessorInternal.java:60)
	at org.apache.coyote.AbstractProcessorLight.process(AbstractProcessorLight.java:59)
	at org.apache.coyote.AbstractProtocol$ConnectionHandler.process(AbstractProtocol.java:893)
	at org.apache.tomcat.util.net.NioEndpoint$SocketProcessor.doRun(NioEndpoint.java:1723)
	at org.apache.tomcat.util.net.SocketProcessorBase.run(SocketProcessorBase.java:49)
	at java.util.concurrent.ThreadPoolExecutor.runWorker(ThreadPoolExecutor.java:1149)
	at java.util.concurrent.ThreadPoolExecutor$Worker.run(ThreadPoolExecutor.java:624)
	at org.apache.tomcat.util.threads.TaskThread$WrappingRunnable.run(TaskThread.java:61)
	at java.lang.Thread.run(Thread.java:748)
Caused by: java.lang.NullPointerException: null
	at com.htinf.sm.common.WebSocketController.onClose(WebSocketController.java:26)
	... 23 common frames omitted
2021-07-08 15:22:20.449 [http-nio-8081-exec-4] ERROR o.a.c.core.ContainerBase.[Tomcat].[localhost] - Custom error page [/error] could not be dispatched correctly
2021-07-08 15:30:35.170 [http-nio-8081-exec-4] ERROR o.a.c.core.ContainerBase.[Tomcat].[localhost] - Custom error page [/error] could not be dispatched correctly
2021-07-08 15:30:45.643 [http-nio-8081-exec-8] ERROR o.a.c.core.ContainerBase.[Tomcat].[localhost] - Custom error page [/error] could not be dispatched correctly
2021-07-08 15:31:26.934 [http-nio-8081-exec-2] ERROR o.a.c.core.ContainerBase.[Tomcat].[localhost] - Custom error page [/error] could not be dispatched correctly
2021-07-08 15:31:29.336 [http-nio-8081-exec-7] ERROR o.a.c.core.ContainerBase.[Tomcat].[localhost] - Custom error page [/error] could not be dispatched correctly
2021-07-08 15:31:45.365 [http-nio-8081-exec-4] ERROR o.a.c.core.ContainerBase.[Tomcat].[localhost] - Custom error page [/error] could not be dispatched correctly
2021-07-08 15:31:54.335 [http-nio-8081-exec-9] ERROR o.a.c.core.ContainerBase.[Tomcat].[localhost] - Custom error page [/error] could not be dispatched correctly
2021-07-08 15:33:31.326 [http-nio-8081-exec-4] ERROR o.a.c.core.ContainerBase.[Tomcat].[localhost] - Custom error page [/error] could not be dispatched correctly
2021-07-08 15:36:07.210 [http-nio-8081-exec-4] ERROR o.a.c.core.ContainerBase.[Tomcat].[localhost] - Custom error page [/error] could not be dispatched correctly
2021-07-08 15:37:18.599 [http-nio-8081-exec-4] ERROR o.a.c.core.ContainerBase.[Tomcat].[localhost] - Custom error page [/error] could not be dispatched correctly
2021-07-08 15:43:30.246 [http-nio-8081-exec-6] ERROR org.apache.tomcat.websocket.pojo.PojoEndpointBase - Failed to call onClose method of POJO end point for POJO of type [com.htinf.sm.common.WebSocketController]
java.lang.reflect.InvocationTargetException: null
	at sun.reflect.NativeMethodAccessorImpl.invoke0(Native Method)
	at sun.reflect.NativeMethodAccessorImpl.invoke(NativeMethodAccessorImpl.java:62)
	at sun.reflect.DelegatingMethodAccessorImpl.invoke(DelegatingMethodAccessorImpl.java:43)
	at java.lang.reflect.Method.invoke(Method.java:498)
	at org.apache.tomcat.websocket.pojo.PojoEndpointBase.onClose(PojoEndpointBase.java:107)
	at org.apache.tomcat.websocket.WsSession.fireEndpointOnClose(WsSession.java:759)
	at org.apache.tomcat.websocket.WsSession.onClose(WsSession.java:740)
	at org.apache.tomcat.websocket.WsFrameBase.processDataControl(WsFrameBase.java:367)
	at org.apache.tomcat.websocket.WsFrameBase.processData(WsFrameBase.java:296)
	at org.apache.tomcat.websocket.WsFrameBase.processInputBuffer(WsFrameBase.java:133)
	at org.apache.tomcat.websocket.server.WsFrameServer.onDataAvailable(WsFrameServer.java:85)
	at org.apache.tomcat.websocket.server.WsFrameServer.doOnDataAvailable(WsFrameServer.java:183)
	at org.apache.tomcat.websocket.server.WsFrameServer.notifyDataAvailable(WsFrameServer.java:162)
	at org.apache.tomcat.websocket.server.WsHttpUpgradeHandler.upgradeDispatch(WsHttpUpgradeHandler.java:156)
	at org.apache.coyote.http11.upgrade.UpgradeProcessorInternal.dispatch(UpgradeProcessorInternal.java:60)
	at org.apache.coyote.AbstractProcessorLight.process(AbstractProcessorLight.java:59)
	at org.apache.coyote.AbstractProtocol$ConnectionHandler.process(AbstractProtocol.java:893)
	at org.apache.tomcat.util.net.NioEndpoint$SocketProcessor.doRun(NioEndpoint.java:1723)
	at org.apache.tomcat.util.net.SocketProcessorBase.run(SocketProcessorBase.java:49)
	at java.util.concurrent.ThreadPoolExecutor.runWorker(ThreadPoolExecutor.java:1149)
	at java.util.concurrent.ThreadPoolExecutor$Worker.run(ThreadPoolExecutor.java:624)
	at org.apache.tomcat.util.threads.TaskThread$WrappingRunnable.run(TaskThread.java:61)
	at java.lang.Thread.run(Thread.java:748)
Caused by: java.lang.NullPointerException: null
	at com.htinf.sm.common.WebSocketController.onClose(WebSocketController.java:28)
	... 23 common frames omitted
2021-07-08 15:46:50.506 [http-nio-8081-exec-6] ERROR org.apache.tomcat.websocket.pojo.PojoEndpointBase - Failed to call onClose method of POJO end point for POJO of type [com.htinf.sm.common.WebSocketController]
java.lang.reflect.InvocationTargetException: null
	at sun.reflect.NativeMethodAccessorImpl.invoke0(Native Method)
	at sun.reflect.NativeMethodAccessorImpl.invoke(NativeMethodAccessorImpl.java:62)
	at sun.reflect.DelegatingMethodAccessorImpl.invoke(DelegatingMethodAccessorImpl.java:43)
	at java.lang.reflect.Method.invoke(Method.java:498)
	at org.apache.tomcat.websocket.pojo.PojoEndpointBase.onClose(PojoEndpointBase.java:107)
	at org.apache.tomcat.websocket.WsSession.fireEndpointOnClose(WsSession.java:759)
	at org.apache.tomcat.websocket.WsSession.onClose(WsSession.java:740)
	at org.apache.tomcat.websocket.WsFrameBase.processDataControl(WsFrameBase.java:367)
	at org.apache.tomcat.websocket.WsFrameBase.processData(WsFrameBase.java:296)
	at org.apache.tomcat.websocket.WsFrameBase.processInputBuffer(WsFrameBase.java:133)
	at org.apache.tomcat.websocket.server.WsFrameServer.onDataAvailable(WsFrameServer.java:85)
	at org.apache.tomcat.websocket.server.WsFrameServer.doOnDataAvailable(WsFrameServer.java:183)
	at org.apache.tomcat.websocket.server.WsFrameServer.notifyDataAvailable(WsFrameServer.java:162)
	at org.apache.tomcat.websocket.server.WsHttpUpgradeHandler.upgradeDispatch(WsHttpUpgradeHandler.java:156)
	at org.apache.coyote.http11.upgrade.UpgradeProcessorInternal.dispatch(UpgradeProcessorInternal.java:60)
	at org.apache.coyote.AbstractProcessorLight.process(AbstractProcessorLight.java:59)
	at org.apache.coyote.AbstractProtocol$ConnectionHandler.process(AbstractProtocol.java:893)
	at org.apache.tomcat.util.net.NioEndpoint$SocketProcessor.doRun(NioEndpoint.java:1723)
	at org.apache.tomcat.util.net.SocketProcessorBase.run(SocketProcessorBase.java:49)
	at java.util.concurrent.ThreadPoolExecutor.runWorker(ThreadPoolExecutor.java:1149)
	at java.util.concurrent.ThreadPoolExecutor$Worker.run(ThreadPoolExecutor.java:624)
	at org.apache.tomcat.util.threads.TaskThread$WrappingRunnable.run(TaskThread.java:61)
	at java.lang.Thread.run(Thread.java:748)
Caused by: java.lang.NullPointerException: null
	at com.htinf.sm.common.WebSocketController.onClose(WebSocketController.java:28)
	... 23 common frames omitted
2021-07-08 15:47:20.539 [http-nio-8081-exec-1] ERROR org.apache.tomcat.websocket.pojo.PojoEndpointBase - Failed to call onClose method of POJO end point for POJO of type [com.htinf.sm.common.WebSocketController]
java.lang.reflect.InvocationTargetException: null
	at sun.reflect.NativeMethodAccessorImpl.invoke0(Native Method)
	at sun.reflect.NativeMethodAccessorImpl.invoke(NativeMethodAccessorImpl.java:62)
	at sun.reflect.DelegatingMethodAccessorImpl.invoke(DelegatingMethodAccessorImpl.java:43)
	at java.lang.reflect.Method.invoke(Method.java:498)
	at org.apache.tomcat.websocket.pojo.PojoEndpointBase.onClose(PojoEndpointBase.java:107)
	at org.apache.tomcat.websocket.WsSession.fireEndpointOnClose(WsSession.java:759)
	at org.apache.tomcat.websocket.WsSession.onClose(WsSession.java:740)
	at org.apache.tomcat.websocket.WsFrameBase.processDataControl(WsFrameBase.java:367)
	at org.apache.tomcat.websocket.WsFrameBase.processData(WsFrameBase.java:296)
	at org.apache.tomcat.websocket.WsFrameBase.processInputBuffer(WsFrameBase.java:133)
	at org.apache.tomcat.websocket.server.WsFrameServer.onDataAvailable(WsFrameServer.java:85)
	at org.apache.tomcat.websocket.server.WsFrameServer.doOnDataAvailable(WsFrameServer.java:183)
	at org.apache.tomcat.websocket.server.WsFrameServer.notifyDataAvailable(WsFrameServer.java:162)
	at org.apache.tomcat.websocket.server.WsHttpUpgradeHandler.upgradeDispatch(WsHttpUpgradeHandler.java:156)
	at org.apache.coyote.http11.upgrade.UpgradeProcessorInternal.dispatch(UpgradeProcessorInternal.java:60)
	at org.apache.coyote.AbstractProcessorLight.process(AbstractProcessorLight.java:59)
	at org.apache.coyote.AbstractProtocol$ConnectionHandler.process(AbstractProtocol.java:893)
	at org.apache.tomcat.util.net.NioEndpoint$SocketProcessor.doRun(NioEndpoint.java:1723)
	at org.apache.tomcat.util.net.SocketProcessorBase.run(SocketProcessorBase.java:49)
	at java.util.concurrent.ThreadPoolExecutor.runWorker(ThreadPoolExecutor.java:1149)
	at java.util.concurrent.ThreadPoolExecutor$Worker.run(ThreadPoolExecutor.java:624)
	at org.apache.tomcat.util.threads.TaskThread$WrappingRunnable.run(TaskThread.java:61)
	at java.lang.Thread.run(Thread.java:748)
Caused by: java.lang.NullPointerException: null
	at com.htinf.sm.common.WebSocketController.onClose(WebSocketController.java:28)
	... 23 common frames omitted
2021-07-08 15:49:16.994 [http-nio-8081-exec-6] ERROR org.apache.tomcat.websocket.pojo.PojoEndpointBase - Failed to call onClose method of POJO end point for POJO of type [com.htinf.sm.common.WebSocketController]
java.lang.reflect.InvocationTargetException: null
	at sun.reflect.NativeMethodAccessorImpl.invoke0(Native Method)
	at sun.reflect.NativeMethodAccessorImpl.invoke(NativeMethodAccessorImpl.java:62)
	at sun.reflect.DelegatingMethodAccessorImpl.invoke(DelegatingMethodAccessorImpl.java:43)
	at java.lang.reflect.Method.invoke(Method.java:498)
	at org.apache.tomcat.websocket.pojo.PojoEndpointBase.onClose(PojoEndpointBase.java:107)
	at org.apache.tomcat.websocket.WsSession.fireEndpointOnClose(WsSession.java:759)
	at org.apache.tomcat.websocket.WsSession.onClose(WsSession.java:740)
	at org.apache.tomcat.websocket.WsFrameBase.processDataControl(WsFrameBase.java:367)
	at org.apache.tomcat.websocket.WsFrameBase.processData(WsFrameBase.java:296)
	at org.apache.tomcat.websocket.WsFrameBase.processInputBuffer(WsFrameBase.java:133)
	at org.apache.tomcat.websocket.server.WsFrameServer.onDataAvailable(WsFrameServer.java:85)
	at org.apache.tomcat.websocket.server.WsFrameServer.doOnDataAvailable(WsFrameServer.java:183)
	at org.apache.tomcat.websocket.server.WsFrameServer.notifyDataAvailable(WsFrameServer.java:162)
	at org.apache.tomcat.websocket.server.WsHttpUpgradeHandler.upgradeDispatch(WsHttpUpgradeHandler.java:156)
	at org.apache.coyote.http11.upgrade.UpgradeProcessorInternal.dispatch(UpgradeProcessorInternal.java:60)
	at org.apache.coyote.AbstractProcessorLight.process(AbstractProcessorLight.java:59)
	at org.apache.coyote.AbstractProtocol$ConnectionHandler.process(AbstractProtocol.java:893)
	at org.apache.tomcat.util.net.NioEndpoint$SocketProcessor.doRun(NioEndpoint.java:1723)
	at org.apache.tomcat.util.net.SocketProcessorBase.run(SocketProcessorBase.java:49)
	at java.util.concurrent.ThreadPoolExecutor.runWorker(ThreadPoolExecutor.java:1149)
	at java.util.concurrent.ThreadPoolExecutor$Worker.run(ThreadPoolExecutor.java:624)
	at org.apache.tomcat.util.threads.TaskThread$WrappingRunnable.run(TaskThread.java:61)
	at java.lang.Thread.run(Thread.java:748)
Caused by: java.lang.NullPointerException: null
	at com.htinf.sm.common.WebSocketController.onClose(WebSocketController.java:28)
	... 23 common frames omitted
