2021-07-07 09:41:51.840 [http-nio-8081-exec-1] DEBUG c.htinf.sm.dao.ServiceConfigDao.deleteServerConfig - ==>  Preparing: UPDATE t_sm_service_config SET status = 1 WHERE uuid = ?
2021-07-07 09:41:51.874 [http-nio-8081-exec-1] DEBUG c.htinf.sm.dao.ServiceConfigDao.deleteServerConfig - ==> Parameters: 819896844921340527(String)
2021-07-07 09:41:51.880 [http-nio-8081-exec-1] DEBUG c.htinf.sm.dao.ServiceConfigDao.deleteServerConfig - <==    Updates: 1
2021-07-07 09:51:13.739 [http-nio-8081-exec-1] DEBUG c.h.sm.dao.ServiceConfigDao.insertServiceConfig - ==>  Preparing: INSERT INTO t_sm_service_config ( uuid, serverUuid, typeId, name, serviceName, port, manageURL, stateCommand, installPath, stopCommand, startCommand, restartCommand, backupCommand, logPath ) VALUES ( ?, ?, ?, ?, ?, ?, ?, ?, ?, ?, ?, ?, ?, ? )
2021-07-07 09:51:13.780 [http-nio-8081-exec-1] DEBUG c.h.sm.dao.ServiceConfigDao.insertServiceConfig - ==> Parameters: 7112dd88abe54cbca5ede7084bbae461(String), e19ee73773f74372a50c234242035180(String), 1(Integer), sdf3d23sd2(String), 分反而(String), 3306(Integer), fdfd(String), gerd(String), fdfgfg(String), gdter(String), dfdfe(String), fert(String), ereree(String), dfdrererd(String)
2021-07-07 09:51:13.786 [http-nio-8081-exec-1] DEBUG c.h.sm.dao.ServiceConfigDao.insertServiceConfig - <==    Updates: 1
2021-07-07 09:52:45.964 [http-nio-8081-exec-3] DEBUG c.h.sm.dao.ServiceConfigDao.updateServiceConfig - ==>  Preparing: UPDATE t_sm_service_config SET serverUuid = ?, typeId = ?, name = ?, serviceName = ?, port = ?, manageURL = ?, stateCommand = ?, installPath = ?, stopCommand = ?, startCommand = ?, restartCommand = ?, backupCommand = ?, logPath = ? WHERE uuid = ?
2021-07-07 09:52:45.965 [http-nio-8081-exec-3] DEBUG c.h.sm.dao.ServiceConfigDao.updateServiceConfig - ==> Parameters: e19ee73773f74372a50c234242035180(String), 1(Integer), sdf3d23sd2(String), 分反dfdfd而(String), 3301(Integer), fdfd(String), gerd(String), fdfgfg(String), gdter(String), dfdfe(String), fert(String), ereree(String), dfdrererd(String), 819896844921342545(String)
2021-07-07 09:52:45.969 [http-nio-8081-exec-3] DEBUG c.h.sm.dao.ServiceConfigDao.updateServiceConfig - <==    Updates: 1
2021-07-07 10:10:34.280 [http-nio-8081-exec-1] DEBUG com.htinf.sm.dao.ServiceTypeDao.updateServiceType - ==>  Preparing: UPDATE t_sm_service_type SET name = ?, ifCluster = ?, ifShow = ?, clusterSC = ? WHERE uuid = ?
2021-07-07 10:10:34.306 [http-nio-8081-exec-1] DEBUG com.htinf.sm.dao.ServiceTypeDao.updateServiceType - ==> Parameters: fgf4(String), 1(Integer), 1(Integer), fgdgds(String), 819896844921339910(String)
2021-07-07 10:10:34.311 [http-nio-8081-exec-1] DEBUG com.htinf.sm.dao.ServiceTypeDao.updateServiceType - <==    Updates: 1
2021-07-07 10:11:10.060 [http-nio-8081-exec-3] DEBUG com.htinf.sm.dao.ServiceTypeDao.deleteServiceType - ==>  Preparing: UPDATE t_sm_service_type SET status = 1 WHERE uuid = ?
2021-07-07 10:11:10.061 [http-nio-8081-exec-3] DEBUG com.htinf.sm.dao.ServiceTypeDao.deleteServiceType - ==> Parameters: 819896844921340527(String)
2021-07-07 10:11:10.062 [http-nio-8081-exec-3] DEBUG com.htinf.sm.dao.ServiceTypeDao.deleteServiceType - <==    Updates: 0
2021-07-07 10:11:23.099 [http-nio-8081-exec-5] DEBUG com.htinf.sm.dao.ServiceTypeDao.deleteServiceType - ==>  Preparing: UPDATE t_sm_service_type SET status = 1 WHERE uuid = ?
2021-07-07 10:11:23.099 [http-nio-8081-exec-5] DEBUG com.htinf.sm.dao.ServiceTypeDao.deleteServiceType - ==> Parameters: 819896844921340527(String)
2021-07-07 10:11:23.100 [http-nio-8081-exec-5] DEBUG com.htinf.sm.dao.ServiceTypeDao.deleteServiceType - <==    Updates: 0
2021-07-07 10:11:35.508 [http-nio-8081-exec-7] DEBUG com.htinf.sm.dao.ServiceTypeDao.deleteServiceType - ==>  Preparing: UPDATE t_sm_service_type SET status = 1 WHERE uuid = ?
2021-07-07 10:11:35.509 [http-nio-8081-exec-7] DEBUG com.htinf.sm.dao.ServiceTypeDao.deleteServiceType - ==> Parameters: 819896844921339918(String)
2021-07-07 10:11:35.514 [http-nio-8081-exec-7] DEBUG com.htinf.sm.dao.ServiceTypeDao.deleteServiceType - <==    Updates: 1
2021-07-07 10:12:37.288 [http-nio-8081-exec-9] DEBUG com.htinf.sm.dao.ServiceTypeDao.insertServiceType - ==>  Preparing: INSERT INTO t_sm_service_type ( uuid, name, ifCluster, ifShow, clusterSC ) VALUES ( ?, ?, ?, ?, ? )
2021-07-07 10:12:37.289 [http-nio-8081-exec-9] DEBUG com.htinf.sm.dao.ServiceTypeDao.insertServiceType - ==> Parameters: beb0b64bc2b2449086da407a56b9970f(String), 覆盖4(String), 1(Integer), 0(Integer), dededfd(String)
2021-07-07 10:12:37.292 [http-nio-8081-exec-9] DEBUG com.htinf.sm.dao.ServiceTypeDao.insertServiceType - <==    Updates: 1
2021-07-07 10:14:14.530 [http-nio-8081-exec-1] DEBUG c.h.s.d.ServiceTypeDao.selectAllServiceType_COUNT - ==>  Preparing: SELECT count(0) FROM t_sm_service_type WHERE 1 = 1
2021-07-07 10:14:14.558 [http-nio-8081-exec-1] DEBUG c.h.s.d.ServiceTypeDao.selectAllServiceType_COUNT - ==> Parameters: 
2021-07-07 10:14:14.595 [http-nio-8081-exec-1] DEBUG c.h.s.d.ServiceTypeDao.selectAllServiceType_COUNT - <==      Total: 1
2021-07-07 10:14:14.600 [http-nio-8081-exec-1] DEBUG c.htinf.sm.dao.ServiceTypeDao.selectAllServiceType - ==>  Preparing: SELECT unid, uuid, name, ifCluster, ifShow, clusterSC, create_time, update_time, status FROM t_sm_service_type WHERE 1 = 1 ORDER BY unid DESC LIMIT ?
2021-07-07 10:14:14.601 [http-nio-8081-exec-1] DEBUG c.htinf.sm.dao.ServiceTypeDao.selectAllServiceType - ==> Parameters: 10(Integer)
2021-07-07 10:14:14.607 [http-nio-8081-exec-1] DEBUG c.htinf.sm.dao.ServiceTypeDao.selectAllServiceType - <==      Total: 10
2021-07-07 11:54:51.706 [http-nio-8081-exec-1] DEBUG c.h.sm.dao.ServiceTypeDao.selectServiceTypeDetail - ==>  Preparing: SELECT unid, uuid, name, ifCluster, ifShow, clusterSC, create_time, update_time, status FROM t_sm_service_type WHERE 1 = 1 AND uuid = ? ORDER BY unid DESC LIMIT 1
2021-07-07 11:54:51.735 [http-nio-8081-exec-1] DEBUG c.h.sm.dao.ServiceTypeDao.selectServiceTypeDetail - ==> Parameters: 819896844921339950(String)
2021-07-07 11:54:51.765 [http-nio-8081-exec-1] DEBUG c.h.sm.dao.ServiceTypeDao.selectServiceTypeDetail - <==      Total: 1
2021-07-07 11:55:59.594 [http-nio-8081-exec-1] DEBUG c.h.sm.dao.ServiceTypeDao.selectServiceTypeDetail - ==>  Preparing: SELECT unid, uuid, name, ifCluster, ifShow, clusterSC, create_time, update_time, status FROM t_sm_service_type WHERE 1 = 1 AND uuid = ? ORDER BY unid DESC LIMIT 1
2021-07-07 11:55:59.623 [http-nio-8081-exec-1] DEBUG c.h.sm.dao.ServiceTypeDao.selectServiceTypeDetail - ==> Parameters: 819896844921339950(String)
2021-07-07 11:55:59.650 [http-nio-8081-exec-1] DEBUG c.h.sm.dao.ServiceTypeDao.selectServiceTypeDetail - <==      Total: 1
2021-07-07 11:57:04.253 [http-nio-8081-exec-3] DEBUG c.h.s.dao.ServerConfigDao.selectServerConfigDetail - ==>  Preparing: SELECT unid, uuid, serverIp, userName, password, sshPort, sftpPort, create_time, update_time, status FROM t_sm_server_config WHERE 1 = 1 AND uuid = ? ORDER BY unid DESC LIMIT 1
2021-07-07 11:57:04.254 [http-nio-8081-exec-3] DEBUG c.h.s.dao.ServerConfigDao.selectServerConfigDetail - ==> Parameters: 819896844921340261(String)
2021-07-07 11:57:04.256 [http-nio-8081-exec-3] DEBUG c.h.s.dao.ServerConfigDao.selectServerConfigDetail - <==      Total: 1
2021-07-07 11:57:49.435 [http-nio-8081-exec-5] DEBUG c.h.s.d.ServiceConfigDao.selectServiceConfigDetail - ==>  Preparing: SELECT unid, uuid, serverUuid, typeId, name, serviceName, port, manageURL, stateCommand, installPath, stopCommand, startCommand, restartCommand, backupCommand, logPath, create_time, update_time, status FROM t_sm_service_config WHERE 1 = 1 AND uuid = ? ORDER BY unid DESC LIMIT 1
2021-07-07 11:57:49.436 [http-nio-8081-exec-5] DEBUG c.h.s.d.ServiceConfigDao.selectServiceConfigDetail - ==> Parameters: 819896844921340516(String)
2021-07-07 11:57:49.438 [http-nio-8081-exec-5] DEBUG c.h.s.d.ServiceConfigDao.selectServiceConfigDetail - <==      Total: 1
2021-07-07 11:58:50.610 [http-nio-8081-exec-7] DEBUG c.h.s.dao.DeviceConfigDao.selectDeviceConfigDetail - ==>  Preparing: SELECT unid, uuid, deviceIp, userName, password, port, url, create_time, update_time, status FROM t_sm_device_config WHERE 1 = 1 AND uuid = ? ORDER BY unid DESC LIMIT 1
2021-07-07 11:58:50.611 [http-nio-8081-exec-7] DEBUG c.h.s.dao.DeviceConfigDao.selectDeviceConfigDetail - ==> Parameters: 819896844921340005(String)
2021-07-07 11:58:50.613 [http-nio-8081-exec-7] DEBUG c.h.s.dao.DeviceConfigDao.selectDeviceConfigDetail - <==      Total: 1
