2021-07-05 17:28:48.136 [HikariPool-1 housekeeper] WARN  com.zaxxer.hikari.pool.HikariPool - HikariPool-1 - Thread starvation or clock leap detected (housekeeper delta=54s232ms711µs595ns).
2021-07-05 17:31:11.406 [HikariPool-1 housekeeper] WARN  com.zaxxer.hikari.pool.HikariPool - HikariPool-1 - Thread starvation or clock leap detected (housekeeper delta=1m20s371ms567µs467ns).
2021-07-05 18:17:01.496 [http-nio-8081-exec-1] WARN  o.s.w.s.m.support.DefaultHandlerExceptionResolver - Resolved [org.springframework.web.bind.MethodArgumentNotValidException: Validation failed for argument [0] in public com.htinf.common.model.PageInfoListResult<com.htinf.sm.model.ServiceType> com.htinf.sm.controller.ServiceTypeController.selectAllServerType(com.htinf.sm.model.ServiceType): [Field error in object 'serviceType' on field 'uuid': rejected value [null]; codes [NotBlank.serviceType.uuid,NotBlank.uuid,NotBlank.java.lang.String,NotBlank]; arguments [org.springframework.context.support.DefaultMessageSourceResolvable: codes [serviceType.uuid,uuid]; arguments []; default message [uuid]]; default message [uuid 不能为空]] ]
2021-07-05 18:17:47.212 [http-nio-8081-exec-1] WARN  o.s.w.s.m.support.DefaultHandlerExceptionResolver - Resolved [org.springframework.web.bind.MethodArgumentNotValidException: Validation failed for argument [0] in public com.htinf.common.model.PageInfoListResult<com.htinf.sm.model.ServiceType> com.htinf.sm.controller.ServiceTypeController.selectAllServerType(com.htinf.sm.model.ServiceType): [Field error in object 'serviceType' on field 'uuid': rejected value [null]; codes [NotBlank.serviceType.uuid,NotBlank.uuid,NotBlank.java.lang.String,NotBlank]; arguments [org.springframework.context.support.DefaultMessageSourceResolvable: codes [serviceType.uuid,uuid]; arguments []; default message [uuid]]; default message [uuid 不能为空]] ]
2021-07-05 18:18:06.032 [http-nio-8081-exec-2] WARN  o.s.w.s.m.support.DefaultHandlerExceptionResolver - Resolved [org.springframework.web.bind.MethodArgumentNotValidException: Validation failed for argument [0] in public com.htinf.common.model.PageInfoListResult<com.htinf.sm.model.ServiceType> com.htinf.sm.controller.ServiceTypeController.selectAllServerType(com.htinf.sm.model.ServiceType) with 2 errors: [Field error in object 'serviceType' on field 'page': rejected value [null]; codes [NotNull.serviceType.page,NotNull.page,NotNull.com.htinf.common.model.Page,NotNull]; arguments [org.springframework.context.support.DefaultMessageSourceResolvable: codes [serviceType.page,page]; arguments []; default message [page]]; default message [分页参数不能为空]] [Field error in object 'serviceType' on field 'uuid': rejected value [null]; codes [NotBlank.serviceType.uuid,NotBlank.uuid,NotBlank.java.lang.String,NotBlank]; arguments [org.springframework.context.support.DefaultMessageSourceResolvable: codes [serviceType.uuid,uuid]; arguments []; default message [uuid]]; default message [uuid 不能为空]] ]
2021-07-05 19:27:53.344 [http-nio-8081-exec-1] WARN  o.s.w.s.m.support.DefaultHandlerExceptionResolver - Resolved [org.springframework.web.bind.MethodArgumentNotValidException: Validation failed for argument [0] in public com.htinf.common.model.ResultValue com.htinf.sm.controller.ServiceTypeController.selectAllServerType(com.htinf.sm.model.ServiceType,org.springframework.messaging.handler.annotation.support.MethodArgumentNotValidException): [Field error in object 'serviceType' on field 'page': rejected value [null]; codes [NotNull.serviceType.page,NotNull.page,NotNull.com.htinf.common.model.Page,NotNull]; arguments [org.springframework.context.support.DefaultMessageSourceResolvable: codes [serviceType.page,page]; arguments []; default message [page]]; default message [分页参数不能为空]] ]
2021-07-05 19:33:02.308 [http-nio-8081-exec-1] WARN  o.s.w.s.m.support.DefaultHandlerExceptionResolver - Resolved [org.springframework.web.bind.MethodArgumentNotValidException: Validation failed for argument [0] in public com.htinf.common.model.ResultValue com.htinf.sm.controller.ServiceTypeController.selectAllServerType(com.htinf.sm.model.ServiceType,org.springframework.messaging.handler.annotation.support.MethodArgumentNotValidException): [Field error in object 'serviceType' on field 'page': rejected value [null]; codes [NotNull.serviceType.page,NotNull.page,NotNull.com.htinf.common.model.Page,NotNull]; arguments [org.springframework.context.support.DefaultMessageSourceResolvable: codes [serviceType.page,page]; arguments []; default message [page]]; default message [分页参数不能为空]] ]
2021-07-05 19:35:46.863 [http-nio-8081-exec-1] WARN  o.s.w.s.m.support.DefaultHandlerExceptionResolver - Resolved [org.springframework.web.bind.MethodArgumentNotValidException: Validation failed for argument [0] in public com.htinf.common.model.ResultValue com.htinf.sm.controller.ServiceTypeController.selectAllServerType(com.htinf.sm.model.ServiceType,org.springframework.messaging.handler.annotation.support.MethodArgumentNotValidException): [Field error in object 'serviceType' on field 'page': rejected value [null]; codes [NotNull.serviceType.page,NotNull.page,NotNull.com.htinf.common.model.Page,NotNull]; arguments [org.springframework.context.support.DefaultMessageSourceResolvable: codes [serviceType.page,page]; arguments []; default message [page]]; default message [分页参数不能为空]] ]
2021-07-05 19:39:38.362 [http-nio-8081-exec-1] WARN  o.s.w.s.m.support.DefaultHandlerExceptionResolver - Resolved [org.springframework.web.bind.MethodArgumentNotValidException: Validation failed for argument [0] in public com.htinf.common.model.ResultValue com.htinf.sm.controller.ServiceTypeController.selectAllServerType(com.htinf.sm.model.ServiceType,org.springframework.messaging.handler.annotation.support.MethodArgumentNotValidException): [Field error in object 'serviceType' on field 'page': rejected value [null]; codes [NotNull.serviceType.page,NotNull.page,NotNull.com.htinf.common.model.Page,NotNull]; arguments [org.springframework.context.support.DefaultMessageSourceResolvable: codes [serviceType.page,page]; arguments []; default message [page]]; default message [分页参数不能为空]] ]
2021-07-05 19:41:38.475 [http-nio-8081-exec-3] WARN  o.s.w.s.m.support.DefaultHandlerExceptionResolver - Resolved [org.springframework.web.bind.MethodArgumentNotValidException: Validation failed for argument [0] in public com.htinf.common.model.ResultValue com.htinf.sm.controller.ServiceTypeController.selectAllServerType(com.htinf.sm.model.ServiceType,org.springframework.messaging.handler.annotation.support.MethodArgumentNotValidException): [Field error in object 'serviceType' on field 'page': rejected value [null]; codes [NotNull.serviceType.page,NotNull.page,NotNull.com.htinf.common.model.Page,NotNull]; arguments [org.springframework.context.support.DefaultMessageSourceResolvable: codes [serviceType.page,page]; arguments []; default message [page]]; default message [分页参数不能为空]] ]
2021-07-05 19:44:19.449 [http-nio-8081-exec-1] WARN  o.s.w.s.m.m.a.ExceptionHandlerExceptionResolver - Failure in @ExceptionHandler com.htinf.sm.controller.ServiceTypeController#selectAllServerType(ServiceType, MethodArgumentNotValidException)
java.lang.IllegalStateException: Could not resolve parameter [0] in public com.htinf.common.model.ResultValue com.htinf.sm.controller.ServiceTypeController.selectAllServerType(com.htinf.sm.model.ServiceType,org.springframework.messaging.handler.annotation.support.MethodArgumentNotValidException): No suitable resolver
	at org.springframework.web.method.support.InvocableHandlerMethod.getMethodArgumentValues(InvocableHandlerMethod.java:167)
	at org.springframework.web.method.support.InvocableHandlerMethod.invokeForRequest(InvocableHandlerMethod.java:137)
	at org.springframework.web.servlet.mvc.method.annotation.ServletInvocableHandlerMethod.invokeAndHandle(ServletInvocableHandlerMethod.java:106)
	at org.springframework.web.servlet.mvc.method.annotation.ExceptionHandlerExceptionResolver.doResolveHandlerMethodException(ExceptionHandlerExceptionResolver.java:428)
	at org.springframework.web.servlet.handler.AbstractHandlerMethodExceptionResolver.doResolveException(AbstractHandlerMethodExceptionResolver.java:75)
	at org.springframework.web.servlet.handler.AbstractHandlerExceptionResolver.resolveException(AbstractHandlerExceptionResolver.java:141)
	at org.springframework.web.servlet.handler.HandlerExceptionResolverComposite.resolveException(HandlerExceptionResolverComposite.java:80)
	at org.springframework.web.servlet.DispatcherServlet.processHandlerException(DispatcherServlet.java:1323)
	at org.springframework.web.servlet.DispatcherServlet.processDispatchResult(DispatcherServlet.java:1134)
	at org.springframework.web.servlet.DispatcherServlet.doDispatch(DispatcherServlet.java:1080)
	at org.springframework.web.servlet.DispatcherServlet.doService(DispatcherServlet.java:963)
	at org.springframework.web.servlet.FrameworkServlet.processRequest(FrameworkServlet.java:1006)
	at org.springframework.web.servlet.FrameworkServlet.doPost(FrameworkServlet.java:909)
	at javax.servlet.http.HttpServlet.service(HttpServlet.java:681)
	at org.springframework.web.servlet.FrameworkServlet.service(FrameworkServlet.java:883)
	at javax.servlet.http.HttpServlet.service(HttpServlet.java:764)
	at org.apache.catalina.core.ApplicationFilterChain.internalDoFilter(ApplicationFilterChain.java:228)
	at org.apache.catalina.core.ApplicationFilterChain.doFilter(ApplicationFilterChain.java:163)
	at org.apache.tomcat.websocket.server.WsFilter.doFilter(WsFilter.java:53)
	at org.apache.catalina.core.ApplicationFilterChain.internalDoFilter(ApplicationFilterChain.java:190)
	at org.apache.catalina.core.ApplicationFilterChain.doFilter(ApplicationFilterChain.java:163)
	at org.springframework.web.filter.RequestContextFilter.doFilterInternal(RequestContextFilter.java:100)
	at org.springframework.web.filter.OncePerRequestFilter.doFilter(OncePerRequestFilter.java:119)
	at org.apache.catalina.core.ApplicationFilterChain.internalDoFilter(ApplicationFilterChain.java:190)
	at org.apache.catalina.core.ApplicationFilterChain.doFilter(ApplicationFilterChain.java:163)
	at org.springframework.web.filter.FormContentFilter.doFilterInternal(FormContentFilter.java:93)
	at org.springframework.web.filter.OncePerRequestFilter.doFilter(OncePerRequestFilter.java:119)
	at org.apache.catalina.core.ApplicationFilterChain.internalDoFilter(ApplicationFilterChain.java:190)
	at org.apache.catalina.core.ApplicationFilterChain.doFilter(ApplicationFilterChain.java:163)
	at org.springframework.web.filter.CharacterEncodingFilter.doFilterInternal(CharacterEncodingFilter.java:201)
	at org.springframework.web.filter.OncePerRequestFilter.doFilter(OncePerRequestFilter.java:119)
	at org.apache.catalina.core.ApplicationFilterChain.internalDoFilter(ApplicationFilterChain.java:190)
	at org.apache.catalina.core.ApplicationFilterChain.doFilter(ApplicationFilterChain.java:163)
	at org.apache.catalina.core.StandardWrapperValve.invoke(StandardWrapperValve.java:202)
	at org.apache.catalina.core.StandardContextValve.invoke(StandardContextValve.java:97)
	at org.apache.catalina.authenticator.AuthenticatorBase.invoke(AuthenticatorBase.java:542)
	at org.apache.catalina.core.StandardHostValve.invoke(StandardHostValve.java:143)
	at org.apache.catalina.valves.ErrorReportValve.invoke(ErrorReportValve.java:92)
	at org.apache.catalina.core.StandardEngineValve.invoke(StandardEngineValve.java:78)
	at org.apache.catalina.connector.CoyoteAdapter.service(CoyoteAdapter.java:357)
	at org.apache.coyote.http11.Http11Processor.service(Http11Processor.java:382)
	at org.apache.coyote.AbstractProcessorLight.process(AbstractProcessorLight.java:65)
	at org.apache.coyote.AbstractProtocol$ConnectionHandler.process(AbstractProtocol.java:893)
	at org.apache.tomcat.util.net.NioEndpoint$SocketProcessor.doRun(NioEndpoint.java:1723)
	at org.apache.tomcat.util.net.SocketProcessorBase.run(SocketProcessorBase.java:49)
	at java.util.concurrent.ThreadPoolExecutor.runWorker(ThreadPoolExecutor.java:1149)
	at java.util.concurrent.ThreadPoolExecutor$Worker.run(ThreadPoolExecutor.java:624)
	at org.apache.tomcat.util.threads.TaskThread$WrappingRunnable.run(TaskThread.java:61)
	at java.lang.Thread.run(Thread.java:748)
2021-07-05 19:44:19.451 [http-nio-8081-exec-1] WARN  o.s.w.s.m.support.DefaultHandlerExceptionResolver - Resolved [org.springframework.web.bind.MethodArgumentNotValidException: Validation failed for argument [0] in public com.htinf.common.model.ResultValue com.htinf.sm.controller.ServiceTypeController.selectAllServerType(com.htinf.sm.model.ServiceType,org.springframework.messaging.handler.annotation.support.MethodArgumentNotValidException): [Field error in object 'serviceType' on field 'page': rejected value [null]; codes [NotNull.serviceType.page,NotNull.page,NotNull.com.htinf.common.model.Page,NotNull]; arguments [org.springframework.context.support.DefaultMessageSourceResolvable: codes [serviceType.page,page]; arguments []; default message [page]]; default message [分页参数不能为空]] ]
2021-07-05 19:45:01.339 [http-nio-8081-exec-1] WARN  o.s.w.s.m.support.DefaultHandlerExceptionResolver - Resolved [org.springframework.web.bind.MethodArgumentNotValidException: Validation failed for argument [0] in public com.htinf.common.model.ResultValue com.htinf.sm.controller.ServiceTypeController.selectAllServerType(com.htinf.sm.model.ServiceType,org.springframework.messaging.handler.annotation.support.MethodArgumentNotValidException): [Field error in object 'serviceType' on field 'page': rejected value [null]; codes [NotNull.serviceType.page,NotNull.page,NotNull.com.htinf.common.model.Page,NotNull]; arguments [org.springframework.context.support.DefaultMessageSourceResolvable: codes [serviceType.page,page]; arguments []; default message [page]]; default message [分页参数不能为空]] ]
2021-07-05 20:01:50.806 [http-nio-8081-exec-1] WARN  o.s.w.s.m.support.DefaultHandlerExceptionResolver - Resolved [org.springframework.web.bind.MethodArgumentNotValidException: Validation failed for argument [0] in public com.htinf.common.model.ResultValue com.htinf.sm.controller.ServiceTypeController.selectAllServerType(com.htinf.sm.model.ServiceType): [Field error in object 'serviceType' on field 'page': rejected value [null]; codes [NotNull.serviceType.page,NotNull.page,NotNull.com.htinf.common.model.Page,NotNull]; arguments [org.springframework.context.support.DefaultMessageSourceResolvable: codes [serviceType.page,page]; arguments []; default message [page]]; default message [分页参数不能为空]] ]
2021-07-05 20:02:22.434 [http-nio-8081-exec-2] WARN  o.s.w.s.m.support.DefaultHandlerExceptionResolver - Resolved [org.springframework.web.bind.MethodArgumentNotValidException: Validation failed for argument [0] in public com.htinf.common.model.ResultValue com.htinf.sm.controller.ServiceTypeController.selectAllServerType(com.htinf.sm.model.ServiceType): [Field error in object 'serviceType' on field 'page': rejected value [null]; codes [NotNull.serviceType.page,NotNull.page,NotNull.com.htinf.common.model.Page,NotNull]; arguments [org.springframework.context.support.DefaultMessageSourceResolvable: codes [serviceType.page,page]; arguments []; default message [page]]; default message [分页参数不能为空]] ]
2021-07-05 20:05:05.305 [http-nio-8081-exec-8] WARN  o.s.w.s.m.support.DefaultHandlerExceptionResolver - Resolved [org.springframework.web.bind.MethodArgumentNotValidException: Validation failed for argument [0] in public com.htinf.common.model.ResultValue com.htinf.sm.controller.ServiceTypeController.selectAllServerType(com.htinf.sm.model.ServiceType): [Field error in object 'serviceType' on field 'page': rejected value [null]; codes [NotNull.serviceType.page,NotNull.page,NotNull.com.htinf.common.model.Page,NotNull]; arguments [org.springframework.context.support.DefaultMessageSourceResolvable: codes [serviceType.page,page]; arguments []; default message [page]]; default message [分页参数不能为空]] ]
